#
# A fatal error has been detected by the Java Runtime Environment:
#
#  EXCEPTION_ACCESS_VIOLATION (0xc0000005) at pc=0x77ae9ef4, pid=4908, tid=3836
#
# JRE version: Java(TM) SE Runtime Environment (7.0_79-b15) (build 1.7.0_79-b15)
# Java VM: Java HotSpot(TM) Client VM (24.79-b02 mixed mode windows-x86 )
# Problematic frame:
# C  [ntdll.dll+0x49ef4]
#
# Failed to write core dump. Minidumps are not enabled by default on client versions of Windows
#
# If you would like to submit a bug report, please visit:
#   http://bugreport.java.com/bugreport/crash.jsp
# The crash happened outside the Java Virtual Machine in native code.
# See problematic frame for where to report the bug.
#

---------------  T H R E A D  ---------------

Current thread (0x465a3800):  JavaThread "FileSystemWatcher: files=#240 cl=java.net.URLClassLoader@105fece" daemon [_thread_in_native, id=3836, stack(0x47250000,0x472a0000)]

siginfo: ExceptionCode=0xc0000005, writing address 0x000000b8

Registers:
EAX=0x00000000, EBX=0x00000000, ECX=0x0000005c, EDX=0x00000068
ESP=0x4729ecd0, EBP=0x4729ecf0, ESI=0x000000ec, EDI=0x000000d0
EIP=0x77ae9ef4, EFLAGS=0x00010246

Top of Stack: (sp=0x4729ecd0)
0x4729ecd0:   00000068 4729f028 4729edf8 005c0000
0x4729ece0:   00d200d0 46800d18 00000000 00000000
0x4729ecf0:   4729ed90 77ae9d87 e3277195 4729f07c
0x4729ed00:   00000000 00000208 4729ed94 77ae0ea9
0x4729ed10:   000000ec 00000000 00000104 00000068
0x4729ed20:   020800e2 00000104 00000208 000000d0
0x4729ed30:   0000001f 00000071 00000000 4729f028
0x4729ed40:   00000071 00000003 4729edc3 00000000 

Instructions: (pc=0x77ae9ef4)
0x77ae9ed4:   8b 75 b4 80 7d c7 00 74 10 3b ce 76 0c 66 83 7c
0x77ae9ee4:   4b fe 5c 75 04 49 89 4d a4 3b 4d 94 73 09 33 c0
0x77ae9ef4:   66 89 04 4b 8d 24 24 85 c9 74 16 49 89 4d a4 0f
0x77ae9f04:   b7 04 4b 83 f8 20 74 e6 83 f8 2e 74 e1 41 89 4d 


Register to memory mapping:

EAX=0x00000000 is an unknown value
EBX=0x00000000 is an unknown value
ECX=0x0000005c is an unknown value
EDX=0x00000068 is an unknown value
ESP=0x4729ecd0 is pointing into the stack for thread: 0x465a3800
EBP=0x4729ecf0 is pointing into the stack for thread: 0x465a3800
ESI=0x000000ec is an unknown value
EDI=0x000000d0 is an unknown value


Stack: [0x47250000,0x472a0000],  sp=0x4729ecd0,  free space=315k
Native frames: (J=compiled Java code, j=interpreted, Vv=VM code, C=native code)
C  [ntdll.dll+0x49ef4]
C  [ntdll.dll+0x49d87]
C  [ntdll.dll+0x4a4d5]
C  [ntdll.dll+0x604c1]
C  [KERNELBASE.dll+0x14089]
C  [KERNELBASE.dll+0x13fb2]
C  [java.dll+0xa25e]
J 2594  java.io.WinNTFileSystem.getLastModifiedTime(Ljava/io/File;)J (0 bytes) @ 0x025ba2ea [0x025ba250+0x9a]
J 3239% C1 org.springsource.loaded.agent.Watcher.run()V (227 bytes) @ 0x02bea068 [0x02be9d90+0x2d8]
j  java.lang.Thread.run()V+11
v  ~StubRoutines::call_stub
V  [jvm.dll+0x14234a]
V  [jvm.dll+0x206ebe]
V  [jvm.dll+0x142515]
V  [jvm.dll+0x142577]
V  [jvm.dll+0xed3df]
V  [jvm.dll+0x1636ec]
V  [jvm.dll+0x164147]
V  [jvm.dll+0x1a8d99]
C  [msvcr100.dll+0x5c556]
C  [msvcr100.dll+0x5c600]
C  [KERNEL32.DLL+0x17c04]
C  [ntdll.dll+0x5ab8f]
C  [ntdll.dll+0x5ab5a]

Java frames: (J=compiled Java code, j=interpreted, Vv=VM code)
J 2594  java.io.WinNTFileSystem.getLastModifiedTime(Ljava/io/File;)J (0 bytes) @ 0x025ba2a6 [0x025ba250+0x56]
J 3239% C1 org.springsource.loaded.agent.Watcher.run()V (227 bytes) @ 0x02bea068 [0x02be9d90+0x2d8]
j  java.lang.Thread.run()V+11
v  ~StubRoutines::call_stub

---------------  P R O C E S S  ---------------

Java Threads: ( => current thread )
  0x46d0dc00 JavaThread "http-bio-8080-exec-6" daemon [_thread_blocked, id=5488, stack(0x47fb0000,0x48000000)]
  0x46d0f000 JavaThread "http-bio-8080-exec-5" daemon [_thread_blocked, id=5116, stack(0x47910000,0x47960000)]
  0x46d0d400 JavaThread "http-bio-8080-exec-4" daemon [_thread_blocked, id=5764, stack(0x475b0000,0x47600000)]
  0x46d10c00 JavaThread "http-bio-8080-exec-3" daemon [_thread_blocked, id=5668, stack(0x47f20000,0x47f70000)]
  0x46d0c400 JavaThread "http-bio-8080-exec-2" daemon [_thread_blocked, id=4272, stack(0x47d90000,0x47de0000)]
  0x46d0c800 JavaThread "http-bio-8080-exec-1" daemon [_thread_blocked, id=3260, stack(0x47d00000,0x47d50000)]
  0x46d0d000 JavaThread "Thread-10" daemon [_thread_blocked, id=688, stack(0x47c70000,0x47cc0000)]
  0x46d0e000 JavaThread "http-bio-8080-AsyncTimeout" daemon [_thread_blocked, id=4060, stack(0x47be0000,0x47c30000)]
  0x46d0fc00 JavaThread "http-bio-8080-Acceptor-0" daemon [_thread_in_native, id=4456, stack(0x47b50000,0x47ba0000)]
  0x45c25800 JavaThread "ContainerBackgroundProcessor[StandardEngine[Tomcat]]" daemon [_thread_blocked, id=704, stack(0x47ac0000,0x47b10000)]
  0x45c25000 JavaThread "net.sf.ehcache.CacheManager@178977e" daemon [_thread_blocked, id=2296, stack(0x47a30000,0x47a80000)]
  0x45c24400 JavaThread "Abandoned connection cleanup thread" daemon [_thread_blocked, id=1152, stack(0x479a0000,0x479f0000)]
  0x45c27800 JavaThread "pool-2-thread-5" [_thread_blocked, id=2944, stack(0x47880000,0x478d0000)]
  0x45c27000 JavaThread "pool-2-thread-4" [_thread_blocked, id=488, stack(0x477f0000,0x47840000)]
  0x45c26800 JavaThread "pool-2-thread-3" [_thread_blocked, id=2244, stack(0x47760000,0x477b0000)]
  0x45c26400 JavaThread "pool-2-thread-2" [_thread_blocked, id=1324, stack(0x476d0000,0x47720000)]
  0x45d7a000 JavaThread "pool-2-thread-1" [_thread_blocked, id=960, stack(0x47640000,0x47690000)]
  0x465b7400 JavaThread "pool-1-thread-5" [_thread_blocked, id=4680, stack(0x47520000,0x47570000)]
  0x465a7000 JavaThread "pool-1-thread-4" [_thread_blocked, id=3104, stack(0x47490000,0x474e0000)]
  0x465a6800 JavaThread "pool-1-thread-3" [_thread_blocked, id=2428, stack(0x47400000,0x47450000)]
  0x465acc00 JavaThread "pool-1-thread-2" [_thread_blocked, id=3456, stack(0x47370000,0x473c0000)]
  0x465ac800 JavaThread "pool-1-thread-1" [_thread_blocked, id=2820, stack(0x472e0000,0x47330000)]
=>0x465a3800 JavaThread "FileSystemWatcher: files=#240 cl=java.net.URLClassLoader@105fece" daemon [_thread_in_native, id=3836, stack(0x47250000,0x472a0000)]
  0x45d1d400 JavaThread "FileSystemWatcher: files=#1 cl=groovy.lang.GroovyClassLoader@1e417da" daemon [_thread_blocked, id=620, stack(0x471c0000,0x47210000)]
  0x449e4c00 JavaThread "Service Thread" daemon [_thread_blocked, id=5608, stack(0x44d70000,0x44dc0000)]
  0x449e4400 JavaThread "C1 CompilerThread0" daemon [_thread_blocked, id=5884, stack(0x44ce0000,0x44d30000)]
  0x44998000 JavaThread "Attach Listener" daemon [_thread_blocked, id=3012, stack(0x44c50000,0x44ca0000)]
  0x44996400 JavaThread "Signal Dispatcher" daemon [_thread_blocked, id=5472, stack(0x44bc0000,0x44c10000)]
  0x0241a800 JavaThread "Finalizer" daemon [_thread_blocked, id=3444, stack(0x44930000,0x44980000)]
  0x02415400 JavaThread "Reference Handler" daemon [_thread_blocked, id=4228, stack(0x448a0000,0x448f0000)]
  0x024ec000 JavaThread "main" [_thread_blocked, id=4976, stack(0x00c30000,0x00c80000)]

Other Threads:
  0x02412000 VMThread [stack: 0x02420000,0x02470000] [id=3700]
  0x449f4c00 WatcherThread [stack: 0x44e00000,0x44e50000] [id=3084]

VM state:not at safepoint (normal execution)

VM Mutex/Monitor currently owned by a thread: None

Heap
 def new generation   total 235968K, used 132572K [0x04600000, 0x14600000, 0x14600000)
  eden space 209792K,  57% used [0x04600000, 0x0bb92c28, 0x112e0000)
  from space 26176K,  46% used [0x112e0000, 0x11ec44a8, 0x12c70000)
  to   space 26176K,   0% used [0x12c70000, 0x12c70000, 0x14600000)
 tenured generation   total 524288K, used 104991K [0x14600000, 0x34600000, 0x34600000)
   the space 524288K,  20% used [0x14600000, 0x1ac87d28, 0x1ac87e00, 0x34600000)
 compacting perm gen  total 262144K, used 45781K [0x34600000, 0x44600000, 0x44600000)
   the space 262144K,  17% used [0x34600000, 0x372b54d0, 0x372b5600, 0x44600000)
No shared spaces configured.

Card table byte_map: [0x44600000,0x44810000] byte_map_base: 0x445dd000

Polling page: 0x00c80000

Code Cache  [0x024f0000, 0x02c08000, 0x044f0000)
 total_blobs=3617 nmethods=3172 adapters=380 free_code_cache=25539Kb largest_free_block=26144960

Compilation events (10 events):
Event: 142.048 Thread 0x449e4400 3277             org.codehaus.groovy.grails.web.pages.discovery.DefaultGroovyPageLocator::findResource (108 bytes)
Event: 142.049 Thread 0x449e4400 nmethod 3277 0x02bfcbc8 code [0x02bfcd50, 0x02bfcf90]
Event: 142.052 Thread 0x449e4400 3278             org.codehaus.groovy.grails.web.pages.discovery.DefaultGroovyPageLocator::removePrefix (19 bytes)
Event: 142.053 Thread 0x449e4400 nmethod 3278 0x02bfd1c8 code [0x02bfd2e0, 0x02bfd3c8]
Event: 142.061 Thread 0x449e4400 3279             java.util.concurrent.ConcurrentLinkedQueue::succ (19 bytes)
Event: 142.061 Thread 0x449e4400 nmethod 3279 0x02bfd508 code [0x02bfd600, 0x02bfd690]
Event: 142.068 Thread 0x449e4400 3280             java.util.regex.Pattern$BnM::match (161 bytes)
Event: 142.069 Thread 0x449e4400 nmethod 3280 0x02bfd708 code [0x02bfd840, 0x02bfda98]
Event: 142.070 Thread 0x449e4400 3281   !         java.text.MessageFormat::makeFormat (654 bytes)
Event: 142.072 Thread 0x449e4400 nmethod 3281 0x02bfde48 code [0x02bfe1b0, 0x02bff738]

GC Heap History (10 events):
Event: 13.660 GC heap before
{Heap before GC invocations=27 (full 0):
 def new generation   total 235968K, used 223286K [0x04600000, 0x14600000, 0x14600000)
  eden space 209792K,  98% used [0x04600000, 0x10f83d80, 0x112e0000)
  from space 26176K,  64% used [0x12c70000, 0x13cf9ab0, 0x14600000)
  to   space 26176K,   0% used [0x112e0000, 0x112e0000, 0x12c70000)
 tenured generation   total 524288K, used 89581K [0x14600000, 0x34600000, 0x34600000)
   the space 524288K,  17% used [0x14600000, 0x19d7b4e0, 0x19d7b600, 0x34600000)
 compacting perm gen  total 262144K, used 42231K [0x34600000, 0x44600000, 0x44600000)
   the space 262144K,  16% used [0x34600000, 0x36f3de10, 0x36f3e000, 0x44600000)
No shared spaces configured.
Event: 13.691 GC heap after
Heap after GC invocations=28 (full 0):
 def new generation   total 235968K, used 12791K [0x04600000, 0x14600000, 0x14600000)
  eden space 209792K,   0% used [0x04600000, 0x04600000, 0x112e0000)
  from space 26176K,  48% used [0x112e0000, 0x11f5dc50, 0x12c70000)
  to   space 26176K,   0% used [0x12c70000, 0x12c70000, 0x14600000)
 tenured generation   total 524288K, used 94492K [0x14600000, 0x34600000, 0x34600000)
   the space 524288K,  18% used [0x14600000, 0x1a2471e8, 0x1a247200, 0x34600000)
 compacting perm gen  total 262144K, used 42231K [0x34600000, 0x44600000, 0x44600000)
   the space 262144K,  16% used [0x34600000, 0x36f3de10, 0x36f3e000, 0x44600000)
No shared spaces configured.
}
Event: 13.825 GC heap before
{Heap before GC invocations=28 (full 0):
 def new generation   total 235968K, used 214673K [0x04600000, 0x14600000, 0x14600000)
  eden space 209792K,  96% used [0x04600000, 0x10b269d0, 0x112e0000)
  from space 26176K,  48% used [0x112e0000, 0x11f5dc50, 0x12c70000)
  to   space 26176K,   0% used [0x12c70000, 0x12c70000, 0x14600000)
 tenured generation   total 524288K, used 94492K [0x14600000, 0x34600000, 0x34600000)
   the space 524288K,  18% used [0x14600000, 0x1a2471e8, 0x1a247200, 0x34600000)
 compacting perm gen  total 262144K, used 42540K [0x34600000, 0x44600000, 0x44600000)
   the space 262144K,  16% used [0x34600000, 0x36f8b290, 0x36f8b400, 0x44600000)
No shared spaces configured.
Event: 13.848 GC heap after
Heap after GC invocations=29 (full 0):
 def new generation   total 235968K, used 13315K [0x04600000, 0x14600000, 0x14600000)
  eden space 209792K,   0% used [0x04600000, 0x04600000, 0x112e0000)
  from space 26176K,  50% used [0x12c70000, 0x13970c78, 0x14600000)
  to   space 26176K,   0% used [0x112e0000, 0x112e0000, 0x12c70000)
 tenured generation   total 524288K, used 94492K [0x14600000, 0x34600000, 0x34600000)
   the space 524288K,  18% used [0x14600000, 0x1a2471e8, 0x1a247200, 0x34600000)
 compacting perm gen  total 262144K, used 42540K [0x34600000, 0x44600000, 0x44600000)
   the space 262144K,  16% used [0x34600000, 0x36f8b290, 0x36f8b400, 0x44600000)
No shared spaces configured.
}
Event: 14.165 GC heap before
{Heap before GC invocations=29 (full 0):
 def new generation   total 235968K, used 223107K [0x04600000, 0x14600000, 0x14600000)
  eden space 209792K, 100% used [0x04600000, 0x112e0000, 0x112e0000)
  from space 26176K,  50% used [0x12c70000, 0x13970c78, 0x14600000)
  to   space 26176K,   0% used [0x112e0000, 0x112e0000, 0x12c70000)
 tenured generation   total 524288K, used 94492K [0x14600000, 0x34600000, 0x34600000)
   the space 524288K,  18% used [0x14600000, 0x1a2471e8, 0x1a247200, 0x34600000)
 compacting perm gen  total 262144K, used 43514K [0x34600000, 0x44600000, 0x44600000)
   the space 262144K,  16% used [0x34600000, 0x3707e9c8, 0x3707ea00, 0x44600000)
No shared spaces configured.
Event: 14.198 GC heap after
Heap after GC invocations=30 (full 0):
 def new generation   total 235968K, used 14039K [0x04600000, 0x14600000, 0x14600000)
  eden space 209792K,   0% used [0x04600000, 0x04600000, 0x112e0000)
  from space 26176K,  53% used [0x112e0000, 0x12095ec8, 0x12c70000)
  to   space 26176K,   0% used [0x12c70000, 0x12c70000, 0x14600000)
 tenured generation   total 524288K, used 98077K [0x14600000, 0x34600000, 0x34600000)
   the space 524288K,  18% used [0x14600000, 0x1a5c7458, 0x1a5c7600, 0x34600000)
 compacting perm gen  total 262144K, used 43514K [0x34600000, 0x44600000, 0x44600000)
   the space 262144K,  16% used [0x34600000, 0x3707e9c8, 0x3707ea00, 0x44600000)
No shared spaces configured.
}
Event: 15.184 GC heap before
{Heap before GC invocations=30 (full 0):
 def new generation   total 235968K, used 223831K [0x04600000, 0x14600000, 0x14600000)
  eden space 209792K, 100% used [0x04600000, 0x112e0000, 0x112e0000)
  from space 26176K,  53% used [0x112e0000, 0x12095ec8, 0x12c70000)
  to   space 26176K,   0% used [0x12c70000, 0x12c70000, 0x14600000)
 tenured generation   total 524288K, used 98077K [0x14600000, 0x34600000, 0x34600000)
   the space 524288K,  18% used [0x14600000, 0x1a5c7458, 0x1a5c7600, 0x34600000)
 compacting perm gen  total 262144K, used 44808K [0x34600000, 0x44600000, 0x44600000)
   the space 262144K,  17% used [0x34600000, 0x371c2260, 0x371c2400, 0x44600000)
No shared spaces configured.
Event: 15.225 GC heap after
Heap after GC invocations=31 (full 0):
 def new generation   total 235968K, used 15776K [0x04600000, 0x14600000, 0x14600000)
  eden space 209792K,   0% used [0x04600000, 0x04600000, 0x112e0000)
  from space 26176K,  60% used [0x12c70000, 0x13bd8108, 0x14600000)
  to   space 26176K,   0% used [0x112e0000, 0x112e0000, 0x12c70000)
 tenured generation   total 524288K, used 100539K [0x14600000, 0x34600000, 0x34600000)
   the space 524288K,  19% used [0x14600000, 0x1a82ee20, 0x1a82f000, 0x34600000)
 compacting perm gen  total 262144K, used 44808K [0x34600000, 0x44600000, 0x44600000)
   the space 262144K,  17% used [0x34600000, 0x371c2260, 0x371c2400, 0x44600000)
No shared spaces configured.
}
Event: 27.948 GC heap before
{Heap before GC invocations=31 (full 0):
 def new generation   total 235968K, used 216098K [0x04600000, 0x14600000, 0x14600000)
  eden space 209792K,  95% used [0x04600000, 0x109a0798, 0x112e0000)
  from space 26176K,  60% used [0x12c70000, 0x13bd8108, 0x14600000)
  to   space 26176K,   0% used [0x112e0000, 0x112e0000, 0x12c70000)
 tenured generation   total 524288K, used 100539K [0x14600000, 0x34600000, 0x34600000)
   the space 524288K,  19% used [0x14600000, 0x1a82ee20, 0x1a82f000, 0x34600000)
 compacting perm gen  total 262144K, used 45608K [0x34600000, 0x44600000, 0x44600000)
   the space 262144K,  17% used [0x34600000, 0x3728a208, 0x3728a400, 0x44600000)
No shared spaces configured.
Event: 27.985 GC heap after
Heap after GC invocations=32 (full 0):
 def new generation   total 235968K, used 12177K [0x04600000, 0x14600000, 0x14600000)
  eden space 209792K,   0% used [0x04600000, 0x04600000, 0x112e0000)
  from space 26176K,  46% used [0x112e0000, 0x11ec44a8, 0x12c70000)
  to   space 26176K,   0% used [0x12c70000, 0x12c70000, 0x14600000)
 tenured generation   total 524288K, used 104991K [0x14600000, 0x34600000, 0x34600000)
   the space 524288K,  20% used [0x14600000, 0x1ac87d28, 0x1ac87e00, 0x34600000)
 compacting perm gen  total 262144K, used 45608K [0x34600000, 0x44600000, 0x44600000)
   the space 262144K,  17% used [0x34600000, 0x3728a208, 0x3728a400, 0x44600000)
No shared spaces configured.
}

Deoptimization events (0 events):
No events

Internal exceptions (10 events):
Event: 142.039 Thread 0x46d0f000 Threw 0x0adc5a68 at C:\re\jdk7u79\2331\hotspot\src\share\vm\prims\jvm.cpp:1304
Event: 142.039 Thread 0x46d0f000 Threw 0x0adc7748 at C:\re\jdk7u79\2331\hotspot\src\share\vm\prims\jvm.cpp:1304
Event: 142.040 Thread 0x46d0f000 Threw 0x0ae04290 at C:\re\jdk7u79\2331\hotspot\src\share\vm\prims\jvm.cpp:1304
Event: 142.041 Thread 0x46d0f000 Threw 0x0ae5ae08 at C:\re\jdk7u79\2331\hotspot\src\share\vm\prims\jvm.cpp:1304
Event: 142.041 Thread 0x46d0f000 Threw 0x0ae5bd28 at C:\re\jdk7u79\2331\hotspot\src\share\vm\prims\jvm.cpp:1304
Event: 142.041 Thread 0x46d0f000 Threw 0x0ae5d628 at C:\re\jdk7u79\2331\hotspot\src\share\vm\prims\jvm.cpp:1304
Event: 142.041 Thread 0x46d0f000 Threw 0x0ae64af8 at C:\re\jdk7u79\2331\hotspot\src\share\vm\prims\jvm.cpp:1304
Event: 142.041 Thread 0x46d0f000 Threw 0x0ae6b8f0 at C:\re\jdk7u79\2331\hotspot\src\share\vm\prims\jvm.cpp:1304
Event: 142.041 Thread 0x46d0f000 Threw 0x0ae6ced0 at C:\re\jdk7u79\2331\hotspot\src\share\vm\classfile\systemDictionary.cpp:185
Event: 202.082 Thread 0x46d0dc00 Threw 0x0b8d4200 at C:\re\jdk7u79\2331\hotspot\src\share\vm\prims\jni.cpp:743

Events (10 events):
Event: 142.041 loading class 0x46c59120 done
Event: 142.041 loading class 0x46c59120
Event: 142.041 loading class 0x46c59120 done
Event: 142.082 Thread 0x46d0dc00 Thread added: 0x46d0dc00
Event: 142.082 Executing VM operation: RevokeBias
Event: 142.082 Executing VM operation: RevokeBias done
Event: 142.082 Executing VM operation: RevokeBias
Event: 142.082 Executing VM operation: RevokeBias done
Event: 142.082 Executing VM operation: RevokeBias
Event: 142.082 Executing VM operation: RevokeBias done


Dynamic libraries:
0x00ef0000 - 0x00f1f000 	C:\Program Files (x86)\Java\jdk1.7.0_79\bin\java.exe
0x77aa0000 - 0x77c0f000 	C:\Windows\SYSTEM32\ntdll.dll
0x75530000 - 0x75670000 	C:\Windows\SYSTEM32\KERNEL32.DLL
0x75940000 - 0x75a17000 	C:\Windows\SYSTEM32\KERNELBASE.dll
0x74200000 - 0x742a0000 	C:\Windows\system32\apphelp.dll
0x66b00000 - 0x66d66000 	C:\Windows\AppPatch\AcGenral.DLL
0x763b0000 - 0x76473000 	C:\Windows\SYSTEM32\msvcrt.dll
0x76480000 - 0x764c1000 	C:\Windows\SYSTEM32\sechost.dll
0x76230000 - 0x7624e000 	C:\Windows\SYSTEM32\SspiCli.dll
0x75370000 - 0x753b5000 	C:\Windows\SYSTEM32\SHLWAPI.dll
0x74b90000 - 0x74c7d000 	C:\Windows\SYSTEM32\UxTheme.dll
0x75a80000 - 0x75bd3000 	C:\Windows\SYSTEM32\USER32.dll
0x75f40000 - 0x7604f000 	C:\Windows\SYSTEM32\GDI32.dll
0x74980000 - 0x749a3000 	C:\Windows\SYSTEM32\WINMM.dll
0x73650000 - 0x73663000 	C:\Windows\SYSTEM32\samcli.dll
0x778a0000 - 0x779c9000 	C:\Windows\SYSTEM32\ole32.dll
0x75e00000 - 0x75e97000 	C:\Windows\SYSTEM32\OLEAUT32.dll
0x66ae0000 - 0x66af7000 	C:\Windows\SYSTEM32\MSACM32.dll
0x74e30000 - 0x74e38000 	C:\Windows\SYSTEM32\VERSION.dll
0x765c0000 - 0x7787b000 	C:\Windows\SYSTEM32\SHELL32.dll
0x73760000 - 0x7377b000 	C:\Windows\SYSTEM32\USERENV.dll
0x74e10000 - 0x74e2a000 	C:\Windows\SYSTEM32\dwmapi.dll
0x6c4e0000 - 0x6c62b000 	C:\Windows\SYSTEM32\urlmon.dll
0x758b0000 - 0x7592c000 	C:\Windows\SYSTEM32\ADVAPI32.dll
0x6c470000 - 0x6c4d5000 	C:\Windows\SYSTEM32\WINSPOOL.DRV
0x6d2d0000 - 0x6d2e6000 	C:\Windows\SYSTEM32\MPR.dll
0x75670000 - 0x7572a000 	C:\Windows\SYSTEM32\RPCRT4.dll
0x75280000 - 0x7528a000 	C:\Windows\SYSTEM32\CRYPTBASE.dll
0x75730000 - 0x758ad000 	C:\Windows\SYSTEM32\combase.dll
0x74940000 - 0x74963000 	C:\Windows\SYSTEM32\WINMMBASE.dll
0x74fa0000 - 0x74faf000 	C:\Windows\SYSTEM32\profapi.dll
0x6fd80000 - 0x6ffb4000 	C:\Windows\SYSTEM32\iertutil.dll
0x737f0000 - 0x73a4c000 	C:\Windows\SYSTEM32\WININET.dll
0x75220000 - 0x75274000 	C:\Windows\SYSTEM32\bcryptPrimitives.dll
0x75290000 - 0x752cc000 	C:\Windows\SYSTEM32\cfgmgr32.dll
0x74af0000 - 0x74b11000 	C:\Windows\SYSTEM32\DEVOBJ.dll
0x74fb0000 - 0x7503b000 	C:\Windows\SYSTEM32\SHCORE.DLL
0x76260000 - 0x76287000 	C:\Windows\system32\IMM32.DLL
0x76290000 - 0x763a2000 	C:\Windows\SYSTEM32\MSCTF.dll
0x6ffc0000 - 0x701c6000 	C:\Windows\WinSxS\x86_microsoft.windows.common-controls_6595b64144ccf1df_6.0.9600.18006_none_a9ec6aab013aafee\COMCTL32.dll
0x66a20000 - 0x66adf000 	C:\Program Files (x86)\Java\jdk1.7.0_79\jre\bin\msvcr100.dll
0x66690000 - 0x66a19000 	C:\Program Files (x86)\Java\jdk1.7.0_79\jre\bin\client\jvm.dll
0x74970000 - 0x74978000 	C:\Windows\SYSTEM32\WSOCK32.dll
0x75f30000 - 0x75f36000 	C:\Windows\SYSTEM32\PSAPI.DLL
0x764d0000 - 0x7651f000 	C:\Windows\SYSTEM32\WS2_32.dll
0x75930000 - 0x75937000 	C:\Windows\SYSTEM32\NSI.dll
0x66680000 - 0x6668c000 	C:\Program Files (x86)\Java\jdk1.7.0_79\jre\bin\verify.dll
0x66660000 - 0x66680000 	C:\Program Files (x86)\Java\jdk1.7.0_79\jre\bin\java.dll
0x66640000 - 0x66660000 	C:\Program Files (x86)\Java\jdk1.7.0_79\jre\bin\instrument.dll
0x66620000 - 0x66633000 	C:\Program Files (x86)\Java\jdk1.7.0_79\jre\bin\zip.dll
0x74de0000 - 0x74df9000 	C:\Windows\SYSTEM32\CRYPTSP.dll
0x74db0000 - 0x74de0000 	C:\Windows\system32\rsaenh.dll
0x74d90000 - 0x74dae000 	C:\Windows\SYSTEM32\bcrypt.dll
0x66600000 - 0x66614000 	C:\Program Files (x86)\Java\jdk1.7.0_79\jre\bin\net.dll
0x75050000 - 0x7509b000 	C:\Windows\system32\mswsock.dll
0x75140000 - 0x75160000 	C:\Windows\SYSTEM32\IPHLPAPI.DLL
0x75040000 - 0x75048000 	C:\Windows\SYSTEM32\WINNSI.DLL
0x74ca0000 - 0x74cb3000 	C:\Windows\SYSTEM32\dhcpcsvc6.DLL
0x74c80000 - 0x74c94000 	C:\Windows\SYSTEM32\dhcpcsvc.DLL
0x665f0000 - 0x665ff000 	C:\Program Files (x86)\Java\jdk1.7.0_79\jre\bin\nio.dll
0x45530000 - 0x45584000 	C:\Users\dell\AppData\Local\Temp\jna8320173386868648585.dll
0x00db0000 - 0x00db8000 	C:\Users\dell\AppData\Local\Temp\jline_.dll
0x74f50000 - 0x74f61000 	C:\Windows\system32\napinsp.dll
0x74f30000 - 0x74f46000 	C:\Windows\system32\pnrpnsp.dll
0x74f10000 - 0x74f24000 	C:\Windows\system32\NLAapi.dll
0x74e90000 - 0x74f0e000 	C:\Windows\SYSTEM32\DNSAPI.dll
0x74e80000 - 0x74e8a000 	C:\Windows\System32\winrnr.dll
0x74e50000 - 0x74e71000 	C:\Program Files (x86)\Bonjour\mdnsNSP.dll
0x74e40000 - 0x74e50000 	C:\Windows\system32\wshbth.dll
0x74d30000 - 0x74d38000 	C:\Windows\System32\rasadhlp.dll
0x74d40000 - 0x74d86000 	C:\Windows\System32\fwpuclnt.dll
0x665e0000 - 0x665ea000 	C:\Program Files (x86)\Java\jdk1.7.0_79\jre\bin\management.dll
0x73cd0000 - 0x73e11000 	C:\Windows\SYSTEM32\dbghelp.dll

VM Arguments:
jvm_args: -Dgrails.home=D:\java class\grails-2.2.3 -Dtools.jar=C:\Program Files (x86)\Java\jdk1.7.0_79\lib\tools.jar -Dgroovy.starter.conf=D:\java class\grails-2.2.3/conf/groovy-starter.conf -Xmx768M -Xms768M -XX:MaxPermSize=256m -XX:PermSize=256m -Djline.WindowsTerminal.directConsole=false -javaagent:D:\java class\grails-2.2.3\lib\org.springsource.springloaded\springloaded-core\jars\springloaded-core-1.1.3.jar -Xverify:none -Dspringloaded=profile=grails;cacheDir=. -Dbase.dir=C:\Users\dell\AppData\Local\Temp\Temp1_webreg.zip\Twiitter -Dfile.encoding=UTF-8 
java_command: org.codehaus.groovy.grails.cli.support.GrailsStarter --main org.codehaus.groovy.grails.cli.GrailsScriptRunner --conf D:\java class\grails-2.2.3/conf/groovy-starter.conf run-app -plain-output
Launcher Type: SUN_STANDARD

Environment Variables:
JAVA_HOME=C:\Program Files (x86)\Java\jdk1.7.0_79
PATH=C:\Program Files (x86)\Java\jdk1.7.0_79\bin;D:\java class\grails-2.2.3\bin
USERNAME=sajan
OS=Windows_NT
PROCESSOR_IDENTIFIER=Intel64 Family 6 Model 61 Stepping 4, GenuineIntel



---------------  S Y S T E M  ---------------

OS: Windows 8.1 , 64 bit Build 9600 

CPU:total 4 (2 cores per cpu, 2 threads per core) family 6 model 61 stepping 4, cmov, cx8, fxsr, mmx, sse, sse2, sse3, ssse3, sse4.1, sse4.2, popcnt, avx, avx2, aes, erms, ht, tsc, tscinvbit

Memory: 4k page, physical 4103668k(1098876k free), swap 5015580k(927084k free)

vm_info: Java HotSpot(TM) Client VM (24.79-b02) for windows-x86 JRE (1.7.0_79-b15), built on Apr 10 2015 16:49:13 by "java_re" with unknown MS VC++:1600

time: Mon Nov 21 16:32:15 2016
elapsed time: 202 seconds

