#
# A fatal error has been detected by the Java Runtime Environment:
#
#  EXCEPTION_ACCESS_VIOLATION (0xc0000005) at pc=0x77939f03, pid=3540, tid=2004
#
# JRE version: Java(TM) SE Runtime Environment (7.0_79-b15) (build 1.7.0_79-b15)
# Java VM: Java HotSpot(TM) Client VM (24.79-b02 mixed mode windows-x86 )
# Problematic frame:
# C  [ntdll.dll+0x49f03]
#
# Failed to write core dump. Minidumps are not enabled by default on client versions of Windows
#
# If you would like to submit a bug report, please visit:
#   http://bugreport.java.com/bugreport/crash.jsp
# The crash happened outside the Java Virtual Machine in native code.
# See problematic frame for where to report the bug.
#

---------------  T H R E A D  ---------------

Current thread (0x47017400):  JavaThread "http-bio-8080-exec-4" daemon [_thread_in_native, id=2004, stack(0x48300000,0x48350000)]

siginfo: ExceptionCode=0xc0000005, reading address 0x000000b6

Registers:
EAX=0x469c1f34, EBX=0x00000000, ECX=0x0000005b, EDX=0x00000061
ESP=0x4834bdb8, EBP=0x4834bdd8, ESI=0x14c57b08, EDI=0x000000c2
EIP=0x77939f03, EFLAGS=0x00010202

Top of Stack: (sp=0x4834bdb8)
0x4834bdb8:   00000061 4834be98 4834bef0 000000ce
0x4834bdc8:   00c400c2 469c1eb0 00000000 00000000
0x4834bdd8:   4834be78 77939d87 148ed922 00000000
0x4834bde8:   4834bec8 00000043 00000004 ffffffff
0x4834bdf8:   00a70000 4834beec 00000009 00000061
0x4834be08:   469c0040 00000009 00000012 000000c2
0x4834be18:   00000005 00000000 00a71a10 4834be98
0x4834be28:   4834beb4 77930ea9 00000000 00000000 

Instructions: (pc=0x77939f03)
0x77939ee3:   7c 4b fe 5c 75 04 49 89 4d a4 3b 4d 94 73 09 33
0x77939ef3:   c0 66 89 04 4b 8d 24 24 85 c9 74 16 49 89 4d a4
0x77939f03:   0f b7 04 4b 83 f8 20 74 e6 83 f8 2e 74 e1 41 89
0x77939f13:   4d a4 8d 14 09 66 89 55 d0 8b 7d 84 85 ff 74 29 


Register to memory mapping:

EAX=0x469c1f34 is an unknown value
EBX=0x00000000 is an unknown value
ECX=0x0000005b is an unknown value
EDX=0x00000061 is an unknown value
ESP=0x4834bdb8 is pointing into the stack for thread: 0x47017400
EBP=0x4834bdd8 is pointing into the stack for thread: 0x47017400
ESI=0x14c57b08 is an oop
java.util.jar.JarFile 
 - klass: 'java/util/jar/JarFile'
EDI=0x000000c2 is an unknown value


Stack: [0x48300000,0x48350000],  sp=0x4834bdb8,  free space=303k
Native frames: (J=compiled Java code, j=interpreted, Vv=VM code, C=native code)
C  [ntdll.dll+0x49f03]
C  [ntdll.dll+0x49d87]
C  [ntdll.dll+0x66070]
C  [KERNELBASE.dll+0x1761f]
C  [java.dll+0x9fe0]
C  [java.dll+0xa0d9]
J 1559 C1 java.io.File.exists()Z (43 bytes) @ 0x02dabef8 [0x02dabe70+0x88]
J 1581 C1 sun.misc.URLClassPath$FileLoader.getResource(Ljava/lang/String;Z)Lsun/misc/Resource; (164 bytes) @ 0x02db58a4 [0x02db5530+0x374]
J 2078 C1 sun.misc.URLClassPath$FileLoader.findResource(Ljava/lang/String;Z)Ljava/net/URL; (18 bytes) @ 0x02ed2688 [0x02ed2660+0x28]
J 888 C1 sun.misc.URLClassPath.findResource(Ljava/lang/String;Z)Ljava/net/URL; (38 bytes) @ 0x02c8a228 [0x02c8a1e0+0x48]
J 2080 C1 java.net.URLClassLoader$2.run()Ljava/lang/Object; (5 bytes) @ 0x02ed2b04 [0x02ed2ad0+0x34]
v  ~StubRoutines::call_stub
V  [jvm.dll+0x14234a]
V  [jvm.dll+0x206ebe]
V  [jvm.dll+0x1423cd]
V  [jvm.dll+0xfc6aa]
C  [java.dll+0x102f]
J 2255 C1 java.net.URLClassLoader.findResource(Ljava/lang/String;)Ljava/net/URL; (37 bytes) @ 0x02f120e8 [0x02f12060+0x88]
J 3033 C1 java.lang.ClassLoader.getResource(Ljava/lang/String;)Ljava/net/URL; (36 bytes) @ 0x0305c4a4 [0x0305c400+0xa4]
j  org.codehaus.groovy.tools.RootLoader.getResource(Ljava/lang/String;)Ljava/net/URL;+12
J 3033 C1 java.lang.ClassLoader.getResource(Ljava/lang/String;)Ljava/net/URL; (36 bytes) @ 0x0305c440 [0x0305c400+0x40]
J 3033 C1 java.lang.ClassLoader.getResource(Ljava/lang/String;)Ljava/net/URL; (36 bytes) @ 0x0305c440 [0x0305c400+0x40]
J 3033 C1 java.lang.ClassLoader.getResource(Ljava/lang/String;)Ljava/net/URL; (36 bytes) @ 0x0305c440 [0x0305c400+0x40]
j  groovy.lang.GroovyClassLoader.getSourceFile(Ljava/lang/String;Ljava/lang/String;)Ljava/net/URL;+34
j  groovy.lang.GroovyClassLoader.access$100(Lgroovy/lang/GroovyClassLoader;Ljava/lang/String;Ljava/lang/String;)Ljava/net/URL;+3
j  groovy.lang.GroovyClassLoader$1$1.run()Ljava/net/URL;+50
j  groovy.lang.GroovyClassLoader$1$1.run()Ljava/lang/Object;+1
v  ~StubRoutines::call_stub
V  [jvm.dll+0x14234a]
V  [jvm.dll+0x206ebe]
V  [jvm.dll+0x1423cd]
V  [jvm.dll+0xfc6aa]
C  [java.dll+0x1015]
j  groovy.lang.GroovyClassLoader$1.loadGroovySource(Ljava/lang/String;)Ljava/net/URL;+9
j  groovy.lang.GroovyClassLoader.loadClass(Ljava/lang/String;ZZZ)Ljava/lang/Class;+209
j  groovy.lang.GroovyClassLoader.loadClass(Ljava/lang/String;Z)Ljava/lang/Class;+5
J 560 C1 java.lang.ClassLoader.loadClass(Ljava/lang/String;Z)Ljava/lang/Class; (122 bytes) @ 0x02c0ba48 [0x02c0b880+0x1c8]
j  groovy.lang.GroovyClassLoader.loadClass(Ljava/lang/String;ZZZ)Ljava/lang/Class;+30
j  groovy.lang.GroovyClassLoader.loadClass(Ljava/lang/String;ZZ)Ljava/lang/Class;+5
j  org.codehaus.groovy.control.ClassNodeResolver.tryAsLoaderClassOrScript(Ljava/lang/String;Lorg/codehaus/groovy/control/CompilationUnit;)Lorg/codehaus/groovy/control/ClassNodeResolver$LookupResult;+9
j  org.codehaus.groovy.control.ClassNodeResolver.findClassNode(Ljava/lang/String;Lorg/codehaus/groovy/control/CompilationUnit;)Lorg/codehaus/groovy/control/ClassNodeResolver$LookupResult;+3
j  org.codehaus.groovy.control.ClassNodeResolver.resolveName(Ljava/lang/String;Lorg/codehaus/groovy/control/CompilationUnit;)Lorg/codehaus/groovy/control/ClassNodeResolver$LookupResult;+32
j  org.codehaus.groovy.control.ResolveVisitor.resolveToOuter(Lorg/codehaus/groovy/ast/ClassNode;)Z+61
J 1071 C1 org.codehaus.groovy.control.ResolveVisitor.resolve(Lorg/codehaus/groovy/ast/ClassNode;ZZZ)Z (228 bytes) @ 0x02ccf328 [0x02cceea0+0x488]
j  org.codehaus.groovy.control.ResolveVisitor.resolveFromDefaultImports(Lorg/codehaus/groovy/ast/ClassNode;Z)Z+80
J 1071 C1 org.codehaus.groovy.control.ResolveVisitor.resolve(Lorg/codehaus/groovy/ast/ClassNode;ZZZ)Z (228 bytes) @ 0x02ccf2e8 [0x02cceea0+0x448]
j  org.codehaus.groovy.control.ResolveVisitor.resolveFromStaticInnerClasses(Lorg/codehaus/groovy/ast/ClassNode;Z)Z+102
J 1071 C1 org.codehaus.groovy.control.ResolveVisitor.resolve(Lorg/codehaus/groovy/ast/ClassNode;ZZZ)Z (228 bytes) @ 0x02ccf308 [0x02cceea0+0x468]
j  org.codehaus.groovy.control.ResolveVisitor.resolveFromStaticInnerClasses(Lorg/codehaus/groovy/ast/ClassNode;Z)Z+102
J 1071 C1 org.codehaus.groovy.control.ResolveVisitor.resolve(Lorg/codehaus/groovy/ast/ClassNode;ZZZ)Z (228 bytes) @ 0x02ccf308 [0x02cceea0+0x468]
J 1072 C1 org.codehaus.groovy.control.ResolveVisitor.resolve(Lorg/codehaus/groovy/ast/ClassNode;)Z (9 bytes) @ 0x02cd01b8 [0x02cd0180+0x38]
j  org.codehaus.groovy.control.ResolveVisitor.transformPropertyExpression(Lorg/codehaus/groovy/ast/expr/PropertyExpression;)Lorg/codehaus/groovy/ast/expr/Expression;+133
J 1651 C1 org.codehaus.groovy.control.ResolveVisitor.transform(Lorg/codehaus/groovy/ast/expr/Expression;)Lorg/codehaus/groovy/ast/expr/Expression; (194 bytes) @ 0x02c4864c [0x02c48590+0xbc]
j  org.codehaus.groovy.control.ResolveVisitor.transformPropertyExpression(Lorg/codehaus/groovy/ast/expr/PropertyExpression;)Lorg/codehaus/groovy/ast/expr/Expression;+44
J 1651 C1 org.codehaus.groovy.control.ResolveVisitor.transform(Lorg/codehaus/groovy/ast/expr/Expression;)Lorg/codehaus/groovy/ast/expr/Expression; (194 bytes) @ 0x02c4864c [0x02c48590+0xbc]
j  org.codehaus.groovy.control.ResolveVisitor.transformPropertyExpression(Lorg/codehaus/groovy/ast/expr/PropertyExpression;)Lorg/codehaus/groovy/ast/expr/Expression;+44
J 1651 C1 org.codehaus.groovy.control.ResolveVisitor.transform(Lorg/codehaus/groovy/ast/expr/Expression;)Lorg/codehaus/groovy/ast/expr/Expression; (194 bytes) @ 0x02c4864c [0x02c48590+0xbc]
j  org.codehaus.groovy.control.ResolveVisitor.transformBinaryExpression(Lorg/codehaus/groovy/ast/expr/BinaryExpression;)Lorg/codehaus/groovy/ast/expr/Expression;+5
J 1651 C1 org.codehaus.groovy.control.ResolveVisitor.transform(Lorg/codehaus/groovy/ast/expr/Expression;)Lorg/codehaus/groovy/ast/expr/Expression; (194 bytes) @ 0x02c48700 [0x02c48590+0x170]
j  org.codehaus.groovy.control.ResolveVisitor.transformBinaryExpression(Lorg/codehaus/groovy/ast/expr/BinaryExpression;)Lorg/codehaus/groovy/ast/expr/Expression;+5
J 1651 C1 org.codehaus.groovy.control.ResolveVisitor.transform(Lorg/codehaus/groovy/ast/expr/Expression;)Lorg/codehaus/groovy/ast/expr/Expression; (194 bytes) @ 0x02c48700 [0x02c48590+0x170]
j  org.codehaus.groovy.ast.expr.BooleanExpression.transformExpression(Lorg/codehaus/groovy/ast/expr/ExpressionTransformer;)Lorg/codehaus/groovy/ast/expr/Expression;+9
J 1651 C1 org.codehaus.groovy.control.ResolveVisitor.transform(Lorg/codehaus/groovy/ast/expr/Expression;)Lorg/codehaus/groovy/ast/expr/Expression; (194 bytes) @ 0x02c488a8 [0x02c48590+0x318]
j  org.codehaus.groovy.ast.ClassCodeExpressionTransformer.visitIfElse(Lorg/codehaus/groovy/ast/stmt/IfStatement;)V+6
j  org.codehaus.groovy.ast.stmt.IfStatement.visit(Lorg/codehaus/groovy/ast/GroovyCodeVisitor;)V+2
J 865 C1 org.codehaus.groovy.ast.CodeVisitorSupport.visitBlockStatement(Lorg/codehaus/groovy/ast/stmt/BlockStatement;)V (38 bytes) @ 0x02c818bc [0x02c81840+0x7c]
J 1643 C1 org.codehaus.groovy.ast.ClassCodeVisitorSupport.visitBlockStatement(Lorg/codehaus/groovy/ast/stmt/BlockStatement;)V (11 bytes) @ 0x02d109d8 [0x02d10990+0x48]
j  org.codehaus.groovy.control.ResolveVisitor.visitBlockStatement(Lorg/codehaus/groovy/ast/stmt/BlockStatement;)V+15
J 1018 C1 org.codehaus.groovy.ast.stmt.BlockStatement.visit(Lorg/codehaus/groovy/ast/GroovyCodeVisitor;)V (8 bytes) @ 0x02cbcc3c [0x02cbcc10+0x2c]
j  org.codehaus.groovy.control.ResolveVisitor.transformClosureExpression(Lorg/codehaus/groovy/ast/expr/ClosureExpression;)Lorg/codehaus/groovy/ast/expr/Expression;+127
J 1651 C1 org.codehaus.groovy.control.ResolveVisitor.transform(Lorg/codehaus/groovy/ast/expr/Expression;)Lorg/codehaus/groovy/ast/expr/Expression; (194 bytes) @ 0x02c487b0 [0x02c48590+0x220]
J 1653 C1 org.codehaus.groovy.ast.expr.Expression.transformExpressions(Ljava/util/List;Lorg/codehaus/groovy/ast/expr/ExpressionTransformer;)Ljava/util/List; (64 bytes) @ 0x02c12664 [0x02c12580+0xe4]
j  org.codehaus.groovy.ast.expr.ArgumentListExpression.transformExpression(Lorg/codehaus/groovy/ast/expr/ExpressionTransformer;)Lorg/codehaus/groovy/ast/expr/Expression;+10
J 1651 C1 org.codehaus.groovy.control.ResolveVisitor.transform(Lorg/codehaus/groovy/ast/expr/Expression;)Lorg/codehaus/groovy/ast/expr/Expression; (194 bytes) @ 0x02c488a8 [0x02c48590+0x318]
j  org.codehaus.groovy.control.ResolveVisitor.transformMethodCallExpression(Lorg/codehaus/groovy/ast/expr/MethodCallExpression;)Lorg/codehaus/groovy/ast/expr/Expression;+5
J 1651 C1 org.codehaus.groovy.control.ResolveVisitor.transform(Lorg/codehaus/groovy/ast/expr/Expression;)Lorg/codehaus/groovy/ast/expr/Expression; (194 bytes) @ 0x02c48758 [0x02c48590+0x1c8]
j  org.codehaus.groovy.ast.ClassCodeExpressionTransformer.visitExpressionStatement(Lorg/codehaus/groovy/ast/stmt/ExpressionStatement;)V+6
J 914 C1 org.codehaus.groovy.ast.stmt.ExpressionStatement.visit(Lorg/codehaus/groovy/ast/GroovyCodeVisitor;)V (8 bytes) @ 0x02c928bc [0x02c92890+0x2c]
J 865 C1 org.codehaus.groovy.ast.CodeVisitorSupport.visitBlockStatement(Lorg/codehaus/groovy/ast/stmt/BlockStatement;)V (38 bytes) @ 0x02c818bc [0x02c81840+0x7c]
J 1643 C1 org.codehaus.groovy.ast.ClassCodeVisitorSupport.visitBlockStatement(Lorg/codehaus/groovy/ast/stmt/BlockStatement;)V (11 bytes) @ 0x02d109d8 [0x02d10990+0x48]
j  org.codehaus.groovy.control.ResolveVisitor.visitBlockStatement(Lorg/codehaus/groovy/ast/stmt/BlockStatement;)V+15
J 1018 C1 org.codehaus.groovy.ast.stmt.BlockStatement.visit(Lorg/codehaus/groovy/ast/GroovyCodeVisitor;)V (8 bytes) @ 0x02cbcc3c [0x02cbcc10+0x2c]
j  org.codehaus.groovy.control.ResolveVisitor.transformClosureExpression(Lorg/codehaus/groovy/ast/expr/ClosureExpression;)Lorg/codehaus/groovy/ast/expr/Expression;+127
J 1651 C1 org.codehaus.groovy.control.ResolveVisitor.transform(Lorg/codehaus/groovy/ast/expr/Expression;)Lorg/codehaus/groovy/ast/expr/Expression; (194 bytes) @ 0x02c487b0 [0x02c48590+0x220]
J 1653 C1 org.codehaus.groovy.ast.expr.Expression.transformExpressions(Ljava/util/List;Lorg/codehaus/groovy/ast/expr/ExpressionTransformer;)Ljava/util/List; (64 bytes) @ 0x02c12664 [0x02c12580+0xe4]
j  org.codehaus.groovy.ast.expr.ArgumentListExpression.transformExpression(Lorg/codehaus/groovy/ast/expr/ExpressionTransformer;)Lorg/codehaus/groovy/ast/expr/Expression;+10
J 1651 C1 org.codehaus.groovy.control.ResolveVisitor.transform(Lorg/codehaus/groovy/ast/expr/Expression;)Lorg/codehaus/groovy/ast/expr/Expression; (194 bytes) @ 0x02c488a8 [0x02c48590+0x318]
j  org.codehaus.groovy.control.ResolveVisitor.transformMethodCallExpression(Lorg/codehaus/groovy/ast/expr/MethodCallExpression;)Lorg/codehaus/groovy/ast/expr/Expression;+5
J 1651 C1 org.codehaus.groovy.control.ResolveVisitor.transform(Lorg/codehaus/groovy/ast/expr/Expression;)Lorg/codehaus/groovy/ast/expr/Expression; (194 bytes) @ 0x02c48758 [0x02c48590+0x1c8]
j  org.codehaus.groovy.ast.ClassCodeExpressionTransformer.visitExpressionStatement(Lorg/codehaus/groovy/ast/stmt/ExpressionStatement;)V+6
J 914 C1 org.codehaus.groovy.ast.stmt.ExpressionStatement.visit(Lorg/codehaus/groovy/ast/GroovyCodeVisitor;)V (8 bytes) @ 0x02c928bc [0x02c92890+0x2c]
J 865 C1 org.codehaus.groovy.ast.CodeVisitorSupport.visitBlockStatement(Lorg/codehaus/groovy/ast/stmt/BlockStatement;)V (38 bytes) @ 0x02c818bc [0x02c81840+0x7c]
J 1643 C1 org.codehaus.groovy.ast.ClassCodeVisitorSupport.visitBlockStatement(Lorg/codehaus/groovy/ast/stmt/BlockStatement;)V (11 bytes) @ 0x02d109d8 [0x02d10990+0x48]
j  org.codehaus.groovy.control.ResolveVisitor.visitBlockStatement(Lorg/codehaus/groovy/ast/stmt/BlockStatement;)V+15
J 1018 C1 org.codehaus.groovy.ast.stmt.BlockStatement.visit(Lorg/codehaus/groovy/ast/GroovyCodeVisitor;)V (8 bytes) @ 0x02cbcc3c [0x02cbcc10+0x2c]
j  org.codehaus.groovy.control.ResolveVisitor.transformClosureExpression(Lorg/codehaus/groovy/ast/expr/ClosureExpression;)Lorg/codehaus/groovy/ast/expr/Expression;+127
J 1651 C1 org.codehaus.groovy.control.ResolveVisitor.transform(Lorg/codehaus/groovy/ast/expr/Expression;)Lorg/codehaus/groovy/ast/expr/Expression; (194 bytes) @ 0x02c487b0 [0x02c48590+0x220]
J 1653 C1 org.codehaus.groovy.ast.expr.Expression.transformExpressions(Ljava/util/List;Lorg/codehaus/groovy/ast/expr/ExpressionTransformer;)Ljava/util/List; (64 bytes) @ 0x02c12664 [0x02c12580+0xe4]
j  org.codehaus.groovy.ast.expr.ArgumentListExpression.transformExpression(Lorg/codehaus/groovy/ast/expr/ExpressionTransformer;)Lorg/codehaus/groovy/ast/expr/Expression;+10
J 1651 C1 org.codehaus.groovy.control.ResolveVisitor.transform(Lorg/codehaus/groovy/ast/expr/Expression;)Lorg/codehaus/groovy/ast/expr/Expression; (194 bytes) @ 0x02c488a8 [0x02c48590+0x318]
...<more frames>...

Java frames: (J=compiled Java code, j=interpreted, Vv=VM code)
J 1377  java.io.WinNTFileSystem.getBooleanAttributes(Ljava/io/File;)I (0 bytes) @ 0x02d40e66 [0x02d40e10+0x56]
J 1559 C1 java.io.File.exists()Z (43 bytes) @ 0x02dabef8 [0x02dabe70+0x88]
J 1581 C1 sun.misc.URLClassPath$FileLoader.getResource(Ljava/lang/String;Z)Lsun/misc/Resource; (164 bytes) @ 0x02db58a4 [0x02db5530+0x374]
J 2078 C1 sun.misc.URLClassPath$FileLoader.findResource(Ljava/lang/String;Z)Ljava/net/URL; (18 bytes) @ 0x02ed2688 [0x02ed2660+0x28]
J 888 C1 sun.misc.URLClassPath.findResource(Ljava/lang/String;Z)Ljava/net/URL; (38 bytes) @ 0x02c8a228 [0x02c8a1e0+0x48]
J 2080 C1 java.net.URLClassLoader$2.run()Ljava/lang/Object; (5 bytes) @ 0x02ed2b04 [0x02ed2ad0+0x34]
v  ~StubRoutines::call_stub
J 1688  java.security.AccessController.doPrivileged(Ljava/security/PrivilegedAction;Ljava/security/AccessControlContext;)Ljava/lang/Object; (0 bytes) @ 0x02dfe0c7 [0x02dfe060+0x67]
J 2255 C1 java.net.URLClassLoader.findResource(Ljava/lang/String;)Ljava/net/URL; (37 bytes) @ 0x02f120e8 [0x02f12060+0x88]
J 3033 C1 java.lang.ClassLoader.getResource(Ljava/lang/String;)Ljava/net/URL; (36 bytes) @ 0x0305c4a4 [0x0305c400+0xa4]
j  org.codehaus.groovy.tools.RootLoader.getResource(Ljava/lang/String;)Ljava/net/URL;+12
J 3033 C1 java.lang.ClassLoader.getResource(Ljava/lang/String;)Ljava/net/URL; (36 bytes) @ 0x0305c440 [0x0305c400+0x40]
J 3033 C1 java.lang.ClassLoader.getResource(Ljava/lang/String;)Ljava/net/URL; (36 bytes) @ 0x0305c440 [0x0305c400+0x40]
J 3033 C1 java.lang.ClassLoader.getResource(Ljava/lang/String;)Ljava/net/URL; (36 bytes) @ 0x0305c440 [0x0305c400+0x40]
j  groovy.lang.GroovyClassLoader.getSourceFile(Ljava/lang/String;Ljava/lang/String;)Ljava/net/URL;+34
j  groovy.lang.GroovyClassLoader.access$100(Lgroovy/lang/GroovyClassLoader;Ljava/lang/String;Ljava/lang/String;)Ljava/net/URL;+3
j  groovy.lang.GroovyClassLoader$1$1.run()Ljava/net/URL;+50
j  groovy.lang.GroovyClassLoader$1$1.run()Ljava/lang/Object;+1
v  ~StubRoutines::call_stub
J 1095  java.security.AccessController.doPrivileged(Ljava/security/PrivilegedAction;)Ljava/lang/Object; (0 bytes) @ 0x02cd7130 [0x02cd70e0+0x50]
j  groovy.lang.GroovyClassLoader$1.loadGroovySource(Ljava/lang/String;)Ljava/net/URL;+9
j  groovy.lang.GroovyClassLoader.loadClass(Ljava/lang/String;ZZZ)Ljava/lang/Class;+209
j  groovy.lang.GroovyClassLoader.loadClass(Ljava/lang/String;Z)Ljava/lang/Class;+5
J 560 C1 java.lang.ClassLoader.loadClass(Ljava/lang/String;Z)Ljava/lang/Class; (122 bytes) @ 0x02c0ba48 [0x02c0b880+0x1c8]
j  groovy.lang.GroovyClassLoader.loadClass(Ljava/lang/String;ZZZ)Ljava/lang/Class;+30
j  groovy.lang.GroovyClassLoader.loadClass(Ljava/lang/String;ZZ)Ljava/lang/Class;+5
j  org.codehaus.groovy.control.ClassNodeResolver.tryAsLoaderClassOrScript(Ljava/lang/String;Lorg/codehaus/groovy/control/CompilationUnit;)Lorg/codehaus/groovy/control/ClassNodeResolver$LookupResult;+9
j  org.codehaus.groovy.control.ClassNodeResolver.findClassNode(Ljava/lang/String;Lorg/codehaus/groovy/control/CompilationUnit;)Lorg/codehaus/groovy/control/ClassNodeResolver$LookupResult;+3
j  org.codehaus.groovy.control.ClassNodeResolver.resolveName(Ljava/lang/String;Lorg/codehaus/groovy/control/CompilationUnit;)Lorg/codehaus/groovy/control/ClassNodeResolver$LookupResult;+32
j  org.codehaus.groovy.control.ResolveVisitor.resolveToOuter(Lorg/codehaus/groovy/ast/ClassNode;)Z+61
J 1071 C1 org.codehaus.groovy.control.ResolveVisitor.resolve(Lorg/codehaus/groovy/ast/ClassNode;ZZZ)Z (228 bytes) @ 0x02ccf328 [0x02cceea0+0x488]
j  org.codehaus.groovy.control.ResolveVisitor.resolveFromDefaultImports(Lorg/codehaus/groovy/ast/ClassNode;Z)Z+80
J 1071 C1 org.codehaus.groovy.control.ResolveVisitor.resolve(Lorg/codehaus/groovy/ast/ClassNode;ZZZ)Z (228 bytes) @ 0x02ccf2e8 [0x02cceea0+0x448]
j  org.codehaus.groovy.control.ResolveVisitor.resolveFromStaticInnerClasses(Lorg/codehaus/groovy/ast/ClassNode;Z)Z+102
J 1071 C1 org.codehaus.groovy.control.ResolveVisitor.resolve(Lorg/codehaus/groovy/ast/ClassNode;ZZZ)Z (228 bytes) @ 0x02ccf308 [0x02cceea0+0x468]
j  org.codehaus.groovy.control.ResolveVisitor.resolveFromStaticInnerClasses(Lorg/codehaus/groovy/ast/ClassNode;Z)Z+102
J 1071 C1 org.codehaus.groovy.control.ResolveVisitor.resolve(Lorg/codehaus/groovy/ast/ClassNode;ZZZ)Z (228 bytes) @ 0x02ccf308 [0x02cceea0+0x468]
J 1072 C1 org.codehaus.groovy.control.ResolveVisitor.resolve(Lorg/codehaus/groovy/ast/ClassNode;)Z (9 bytes) @ 0x02cd01b8 [0x02cd0180+0x38]
j  org.codehaus.groovy.control.ResolveVisitor.transformPropertyExpression(Lorg/codehaus/groovy/ast/expr/PropertyExpression;)Lorg/codehaus/groovy/ast/expr/Expression;+133
J 1651 C1 org.codehaus.groovy.control.ResolveVisitor.transform(Lorg/codehaus/groovy/ast/expr/Expression;)Lorg/codehaus/groovy/ast/expr/Expression; (194 bytes) @ 0x02c4864c [0x02c48590+0xbc]
j  org.codehaus.groovy.control.ResolveVisitor.transformPropertyExpression(Lorg/codehaus/groovy/ast/expr/PropertyExpression;)Lorg/codehaus/groovy/ast/expr/Expression;+44
J 1651 C1 org.codehaus.groovy.control.ResolveVisitor.transform(Lorg/codehaus/groovy/ast/expr/Expression;)Lorg/codehaus/groovy/ast/expr/Expression; (194 bytes) @ 0x02c4864c [0x02c48590+0xbc]
j  org.codehaus.groovy.control.ResolveVisitor.transformPropertyExpression(Lorg/codehaus/groovy/ast/expr/PropertyExpression;)Lorg/codehaus/groovy/ast/expr/Expression;+44
J 1651 C1 org.codehaus.groovy.control.ResolveVisitor.transform(Lorg/codehaus/groovy/ast/expr/Expression;)Lorg/codehaus/groovy/ast/expr/Expression; (194 bytes) @ 0x02c4864c [0x02c48590+0xbc]
j  org.codehaus.groovy.control.ResolveVisitor.transformBinaryExpression(Lorg/codehaus/groovy/ast/expr/BinaryExpression;)Lorg/codehaus/groovy/ast/expr/Expression;+5
J 1651 C1 org.codehaus.groovy.control.ResolveVisitor.transform(Lorg/codehaus/groovy/ast/expr/Expression;)Lorg/codehaus/groovy/ast/expr/Expression; (194 bytes) @ 0x02c48700 [0x02c48590+0x170]
j  org.codehaus.groovy.control.ResolveVisitor.transformBinaryExpression(Lorg/codehaus/groovy/ast/expr/BinaryExpression;)Lorg/codehaus/groovy/ast/expr/Expression;+5
J 1651 C1 org.codehaus.groovy.control.ResolveVisitor.transform(Lorg/codehaus/groovy/ast/expr/Expression;)Lorg/codehaus/groovy/ast/expr/Expression; (194 bytes) @ 0x02c48700 [0x02c48590+0x170]
j  org.codehaus.groovy.ast.expr.BooleanExpression.transformExpression(Lorg/codehaus/groovy/ast/expr/ExpressionTransformer;)Lorg/codehaus/groovy/ast/expr/Expression;+9
J 1651 C1 org.codehaus.groovy.control.ResolveVisitor.transform(Lorg/codehaus/groovy/ast/expr/Expression;)Lorg/codehaus/groovy/ast/expr/Expression; (194 bytes) @ 0x02c488a8 [0x02c48590+0x318]
j  org.codehaus.groovy.ast.ClassCodeExpressionTransformer.visitIfElse(Lorg/codehaus/groovy/ast/stmt/IfStatement;)V+6
j  org.codehaus.groovy.ast.stmt.IfStatement.visit(Lorg/codehaus/groovy/ast/GroovyCodeVisitor;)V+2
J 865 C1 org.codehaus.groovy.ast.CodeVisitorSupport.visitBlockStatement(Lorg/codehaus/groovy/ast/stmt/BlockStatement;)V (38 bytes) @ 0x02c818bc [0x02c81840+0x7c]
J 1643 C1 org.codehaus.groovy.ast.ClassCodeVisitorSupport.visitBlockStatement(Lorg/codehaus/groovy/ast/stmt/BlockStatement;)V (11 bytes) @ 0x02d109d8 [0x02d10990+0x48]
j  org.codehaus.groovy.control.ResolveVisitor.visitBlockStatement(Lorg/codehaus/groovy/ast/stmt/BlockStatement;)V+15
J 1018 C1 org.codehaus.groovy.ast.stmt.BlockStatement.visit(Lorg/codehaus/groovy/ast/GroovyCodeVisitor;)V (8 bytes) @ 0x02cbcc3c [0x02cbcc10+0x2c]
j  org.codehaus.groovy.control.ResolveVisitor.transformClosureExpression(Lorg/codehaus/groovy/ast/expr/ClosureExpression;)Lorg/codehaus/groovy/ast/expr/Expression;+127
J 1651 C1 org.codehaus.groovy.control.ResolveVisitor.transform(Lorg/codehaus/groovy/ast/expr/Expression;)Lorg/codehaus/groovy/ast/expr/Expression; (194 bytes) @ 0x02c487b0 [0x02c48590+0x220]
J 1653 C1 org.codehaus.groovy.ast.expr.Expression.transformExpressions(Ljava/util/List;Lorg/codehaus/groovy/ast/expr/ExpressionTransformer;)Ljava/util/List; (64 bytes) @ 0x02c12664 [0x02c12580+0xe4]
j  org.codehaus.groovy.ast.expr.ArgumentListExpression.transformExpression(Lorg/codehaus/groovy/ast/expr/ExpressionTransformer;)Lorg/codehaus/groovy/ast/expr/Expression;+10
J 1651 C1 org.codehaus.groovy.control.ResolveVisitor.transform(Lorg/codehaus/groovy/ast/expr/Expression;)Lorg/codehaus/groovy/ast/expr/Expression; (194 bytes) @ 0x02c488a8 [0x02c48590+0x318]
j  org.codehaus.groovy.control.ResolveVisitor.transformMethodCallExpression(Lorg/codehaus/groovy/ast/expr/MethodCallExpression;)Lorg/codehaus/groovy/ast/expr/Expression;+5
J 1651 C1 org.codehaus.groovy.control.ResolveVisitor.transform(Lorg/codehaus/groovy/ast/expr/Expression;)Lorg/codehaus/groovy/ast/expr/Expression; (194 bytes) @ 0x02c48758 [0x02c48590+0x1c8]
j  org.codehaus.groovy.ast.ClassCodeExpressionTransformer.visitExpressionStatement(Lorg/codehaus/groovy/ast/stmt/ExpressionStatement;)V+6
J 914 C1 org.codehaus.groovy.ast.stmt.ExpressionStatement.visit(Lorg/codehaus/groovy/ast/GroovyCodeVisitor;)V (8 bytes) @ 0x02c928bc [0x02c92890+0x2c]
J 865 C1 org.codehaus.groovy.ast.CodeVisitorSupport.visitBlockStatement(Lorg/codehaus/groovy/ast/stmt/BlockStatement;)V (38 bytes) @ 0x02c818bc [0x02c81840+0x7c]
J 1643 C1 org.codehaus.groovy.ast.ClassCodeVisitorSupport.visitBlockStatement(Lorg/codehaus/groovy/ast/stmt/BlockStatement;)V (11 bytes) @ 0x02d109d8 [0x02d10990+0x48]
j  org.codehaus.groovy.control.ResolveVisitor.visitBlockStatement(Lorg/codehaus/groovy/ast/stmt/BlockStatement;)V+15
J 1018 C1 org.codehaus.groovy.ast.stmt.BlockStatement.visit(Lorg/codehaus/groovy/ast/GroovyCodeVisitor;)V (8 bytes) @ 0x02cbcc3c [0x02cbcc10+0x2c]
j  org.codehaus.groovy.control.ResolveVisitor.transformClosureExpression(Lorg/codehaus/groovy/ast/expr/ClosureExpression;)Lorg/codehaus/groovy/ast/expr/Expression;+127
J 1651 C1 org.codehaus.groovy.control.ResolveVisitor.transform(Lorg/codehaus/groovy/ast/expr/Expression;)Lorg/codehaus/groovy/ast/expr/Expression; (194 bytes) @ 0x02c487b0 [0x02c48590+0x220]
J 1653 C1 org.codehaus.groovy.ast.expr.Expression.transformExpressions(Ljava/util/List;Lorg/codehaus/groovy/ast/expr/ExpressionTransformer;)Ljava/util/List; (64 bytes) @ 0x02c12664 [0x02c12580+0xe4]
j  org.codehaus.groovy.ast.expr.ArgumentListExpression.transformExpression(Lorg/codehaus/groovy/ast/expr/ExpressionTransformer;)Lorg/codehaus/groovy/ast/expr/Expression;+10
J 1651 C1 org.codehaus.groovy.control.ResolveVisitor.transform(Lorg/codehaus/groovy/ast/expr/Expression;)Lorg/codehaus/groovy/ast/expr/Expression; (194 bytes) @ 0x02c488a8 [0x02c48590+0x318]
j  org.codehaus.groovy.control.ResolveVisitor.transformMethodCallExpression(Lorg/codehaus/groovy/ast/expr/MethodCallExpression;)Lorg/codehaus/groovy/ast/expr/Expression;+5
J 1651 C1 org.codehaus.groovy.control.ResolveVisitor.transform(Lorg/codehaus/groovy/ast/expr/Expression;)Lorg/codehaus/groovy/ast/expr/Expression; (194 bytes) @ 0x02c48758 [0x02c48590+0x1c8]
j  org.codehaus.groovy.ast.ClassCodeExpressionTransformer.visitExpressionStatement(Lorg/codehaus/groovy/ast/stmt/ExpressionStatement;)V+6
J 914 C1 org.codehaus.groovy.ast.stmt.ExpressionStatement.visit(Lorg/codehaus/groovy/ast/GroovyCodeVisitor;)V (8 bytes) @ 0x02c928bc [0x02c92890+0x2c]
J 865 C1 org.codehaus.groovy.ast.CodeVisitorSupport.visitBlockStatement(Lorg/codehaus/groovy/ast/stmt/BlockStatement;)V (38 bytes) @ 0x02c818bc [0x02c81840+0x7c]
J 1643 C1 org.codehaus.groovy.ast.ClassCodeVisitorSupport.visitBlockStatement(Lorg/codehaus/groovy/ast/stmt/BlockStatement;)V (11 bytes) @ 0x02d109d8 [0x02d10990+0x48]
j  org.codehaus.groovy.control.ResolveVisitor.visitBlockStatement(Lorg/codehaus/groovy/ast/stmt/BlockStatement;)V+15
J 1018 C1 org.codehaus.groovy.ast.stmt.BlockStatement.visit(Lorg/codehaus/groovy/ast/GroovyCodeVisitor;)V (8 bytes) @ 0x02cbcc3c [0x02cbcc10+0x2c]
j  org.codehaus.groovy.control.ResolveVisitor.transformClosureExpression(Lorg/codehaus/groovy/ast/expr/ClosureExpression;)Lorg/codehaus/groovy/ast/expr/Expression;+127
J 1651 C1 org.codehaus.groovy.control.ResolveVisitor.transform(Lorg/codehaus/groovy/ast/expr/Expression;)Lorg/codehaus/groovy/ast/expr/Expression; (194 bytes) @ 0x02c487b0 [0x02c48590+0x220]
J 1653 C1 org.codehaus.groovy.ast.expr.Expression.transformExpressions(Ljava/util/List;Lorg/codehaus/groovy/ast/expr/ExpressionTransformer;)Ljava/util/List; (64 bytes) @ 0x02c12664 [0x02c12580+0xe4]
j  org.codehaus.groovy.ast.expr.ArgumentListExpression.transformExpression(Lorg/codehaus/groovy/ast/expr/ExpressionTransformer;)Lorg/codehaus/groovy/ast/expr/Expression;+10
J 1651 C1 org.codehaus.groovy.control.ResolveVisitor.transform(Lorg/codehaus/groovy/ast/expr/Expression;)Lorg/codehaus/groovy/ast/expr/Expression; (194 bytes) @ 0x02c488a8 [0x02c48590+0x318]
j  org.codehaus.groovy.control.ResolveVisitor.transformMethodCallExpression(Lorg/codehaus/groovy/ast/expr/MethodCallExpression;)Lorg/codehaus/groovy/ast/expr/Expression;+5
J 1651 C1 org.codehaus.groovy.control.ResolveVisitor.transform(Lorg/codehaus/groovy/ast/expr/Expression;)Lorg/codehaus/groovy/ast/expr/Expression; (194 bytes) @ 0x02c48758 [0x02c48590+0x1c8]
j  org.codehaus.groovy.ast.ClassCodeExpressionTransformer.visitExpressionStatement(Lorg/codehaus/groovy/ast/stmt/ExpressionStatement;)V+6
J 914 C1 org.codehaus.groovy.ast.stmt.ExpressionStatement.visit(Lorg/codehaus/groovy/ast/GroovyCodeVisitor;)V (8 bytes) @ 0x02c928bc [0x02c92890+0x2c]
J 865 C1 org.codehaus.groovy.ast.CodeVisitorSupport.visitBlockStatement(Lorg/codehaus/groovy/ast/stmt/BlockStatement;)V (38 bytes) @ 0x02c818bc [0x02c81840+0x7c]
J 1643 C1 org.codehaus.groovy.ast.ClassCodeVisitorSupport.visitBlockStatement(Lorg/codehaus/groovy/ast/stmt/BlockStatement;)V (11 bytes) @ 0x02d109d8 [0x02d10990+0x48]
j  org.codehaus.groovy.control.ResolveVisitor.visitBlockStatement(Lorg/codehaus/groovy/ast/stmt/BlockStatement;)V+15
J 1018 C1 org.codehaus.groovy.ast.stmt.BlockStatement.visit(Lorg/codehaus/groovy/ast/GroovyCodeVisitor;)V (8 bytes) @ 0x02cbcc3c [0x02cbcc10+0x2c]
J 1074 C1 org.codehaus.groovy.ast.ClassCodeVisitorSupport.visitClassCodeContainer(Lorg/codehaus/groovy/ast/stmt/Statement;)V (10 bytes) @ 0x02cd0684 [0x02cd0650+0x34]
J 1019 C1 org.codehaus.groovy.ast.ClassCodeVisitorSupport.visitConstructorOrMethod(Lorg/codehaus/groovy/ast/MethodNode;Z)V (51 bytes) @ 0x02cbce80 [0x02cbce30+0x50]
j  org.codehaus.groovy.ast.ClassCodeExpressionTransformer.visitConstructorOrMethod(Lorg/codehaus/groovy/ast/MethodNode;Z)V+60
j  org.codehaus.groovy.control.ResolveVisitor.visitConstructorOrMethod(Lorg/codehaus/groovy/ast/MethodNode;Z)V+182
J 1660 C1 org.codehaus.groovy.ast.ClassCodeVisitorSupport.visitMethod(Lorg/codehaus/groovy/ast/MethodNode;)V (7 bytes) @ 0x02c11abc [0x02c11a90+0x2c]
J 943 C1 org.codehaus.groovy.ast.ClassNode.visitContents(Lorg/codehaus/groovy/ast/GroovyClassVisitor;)V (157 bytes) @ 0x02c98be0 [0x02c98950+0x290]
j  org.codehaus.groovy.ast.ClassCodeVisitorSupport.visitClass(Lorg/codehaus/groovy/ast/ClassNode;)V+23
j  org.codehaus.groovy.control.ResolveVisitor.visitClass(Lorg/codehaus/groovy/ast/ClassNode;)V+614
j  org.codehaus.groovy.control.ResolveVisitor.startResolving(Lorg/codehaus/groovy/ast/ClassNode;Lorg/codehaus/groovy/control/SourceUnit;)V+7
j  org.codehaus.groovy.control.CompilationUnit$9.call(Lorg/codehaus/groovy/control/SourceUnit;)V+79
j  org.codehaus.groovy.control.CompilationUnit.applyToSourceUnits(Lorg/codehaus/groovy/control/CompilationUnit$SourceUnitOperation;)V+79
j  org.codehaus.groovy.control.CompilationUnit.doPhaseOperation(Ljava/lang/Object;)V+30
j  org.codehaus.groovy.control.CompilationUnit.compile(I)V+42
j  groovy.lang.GroovyClassLoader.doParseClass(Lgroovy/lang/GroovyCodeSource;)Ljava/lang/Class;+94
j  groovy.lang.GroovyClassLoader.parseClass(Lgroovy/lang/GroovyCodeSource;Z)Ljava/lang/Class;+37
j  groovy.lang.GroovyClassLoader.parseClass(Lgroovy/lang/GroovyCodeSource;)Ljava/lang/Class;+6
j  groovy.lang.GroovyClassLoader.parseClass(Ljava/lang/String;Ljava/lang/String;)Ljava/lang/Class;+24
j  org.codehaus.groovy.grails.web.pages.GroovyPagesTemplateEngine.compileGroovyPage(Ljava/io/InputStream;Ljava/lang/String;Ljava/lang/String;Lorg/codehaus/groovy/grails/web/pages/GroovyPageMetaInfo;)Ljava/lang/Class;+19
j  org.codehaus.groovy.grails.web.pages.GroovyPagesTemplateEngine.buildPageMetaInfo(Ljava/io/InputStream;Lorg/springframework/core/io/Resource;Ljava/lang/String;)Lorg/codehaus/groovy/grails/web/pages/GroovyPageMetaInfo;+295
j  org.codehaus.groovy.grails.web.pages.GroovyPagesTemplateEngine.createTemplate(Ljava/io/InputStream;Lorg/springframework/core/io/Resource;Ljava/lang/String;)Lgroovy/text/Template;+4
j  org.codehaus.groovy.grails.web.pages.GroovyPagesTemplateEngine.createTemplateWithResource(Lorg/springframework/core/io/Resource;Z)Lgroovy/text/Template;+19
j  org.codehaus.groovy.grails.web.pages.GroovyPagesTemplateEngine.createTemplate(Lorg/springframework/core/io/Resource;Z)Lgroovy/text/Template;+286
j  org.codehaus.groovy.grails.web.pages.GroovyPagesTemplateEngine.createTemplate(Lorg/springframework/scripting/ScriptSource;)Lgroovy/text/Template;+36
j  org.codehaus.groovy.grails.web.servlet.view.GroovyPageView.initTemplate()V+34
j  org.codehaus.groovy.grails.web.servlet.view.GroovyPageView.afterPropertiesSet()V+5
j  org.codehaus.groovy.grails.web.servlet.view.GrailsViewResolver.createGroovyPageView(Lorg/codehaus/groovy/grails/web/servlet/mvc/GrailsWebRequest;Ljava/lang/String;Lorg/springframework/scripting/ScriptSource;)Lorg/springframework/web/servlet/View;+93
j  org.codehaus.groovy.grails.web.servlet.view.GrailsViewResolver.createGrailsView(Ljava/lang/String;)Lorg/springframework/web/servlet/View;+98
j  org.codehaus.groovy.grails.web.servlet.view.GrailsViewResolver.loadView(Ljava/lang/String;Ljava/util/Locale;)Lorg/springframework/web/servlet/View;+43
j  org.codehaus.groovy.grails.scaffolding.view.ScaffoldingViewResolver.loadView(Ljava/lang/String;Ljava/util/Locale;)Lorg/springframework/web/servlet/View;+3
j  org.springframework.web.servlet.view.AbstractCachingViewResolver.createView(Ljava/lang/String;Ljava/util/Locale;)Lorg/springframework/web/servlet/View;+3
j  org.springframework.web.servlet.view.UrlBasedViewResolver.createView(Ljava/lang/String;Ljava/util/Locale;)Lorg/springframework/web/servlet/View;+87
j  org.springframework.web.servlet.view.AbstractCachingViewResolver.resolveViewName(Ljava/lang/String;Ljava/util/Locale;)Lorg/springframework/web/servlet/View;+10
j  org.codehaus.groovy.grails.web.util.WebUtils.resolveView(Ljavax/servlet/http/HttpServletRequest;Ljava/lang/String;Ljava/lang/String;Lorg/springframework/web/servlet/ViewResolver;)Lorg/springframework/web/servlet/View;+25
j  org.codehaus.groovy.grails.web.util.WebUtils.resolveView(Ljavax/servlet/http/HttpServletRequest;Lorg/codehaus/groovy/grails/web/mapping/UrlMappingInfo;Ljava/lang/String;Lorg/springframework/web/servlet/ViewResolver;)Lorg/springframework/web/servlet/View;+13
j  org.codehaus.groovy.grails.web.servlet.ErrorHandlingServlet.doDispatch(Ljavax/servlet/http/HttpServletRequest;Ljavax/servlet/http/HttpServletResponse;)V+380
j  org.springframework.web.servlet.DispatcherServlet.doService(Ljavax/servlet/http/HttpServletRequest;Ljavax/servlet/http/HttpServletResponse;)V+292
j  org.springframework.web.servlet.FrameworkServlet.processRequest(Ljavax/servlet/http/HttpServletRequest;Ljavax/servlet/http/HttpServletResponse;)V+111
j  org.springframework.web.servlet.FrameworkServlet.doGet(Ljavax/servlet/http/HttpServletRequest;Ljavax/servlet/http/HttpServletResponse;)V+3
j  javax.servlet.http.HttpServlet.service(Ljavax/servlet/http/HttpServletRequest;Ljavax/servlet/http/HttpServletResponse;)V+35
j  javax.servlet.http.HttpServlet.service(Ljavax/servlet/ServletRequest;Ljavax/servlet/ServletResponse;)V+31
j  org.apache.catalina.core.ApplicationFilterChain.internalDoFilter(Ljavax/servlet/ServletRequest;Ljavax/servlet/ServletResponse;)V+446
j  org.apache.catalina.core.ApplicationFilterChain.doFilter(Ljavax/servlet/ServletRequest;Ljavax/servlet/ServletResponse;)V+101
j  org.codehaus.groovy.grails.web.sitemesh.GrailsPageFilter.obtainContent(Lcom/opensymphony/sitemesh/ContentProcessor;Lcom/opensymphony/sitemesh/webapp/SiteMeshWebAppContext;Ljavax/servlet/http/HttpServletRequest;Ljavax/servlet/http/HttpServletResponse;Ljavax/servlet/FilterChain;)Lcom/opensymphony/sitemesh/Content;+52
j  org.codehaus.groovy.grails.web.sitemesh.GrailsPageFilter.doFilter(Ljavax/servlet/ServletRequest;Ljavax/servlet/ServletResponse;Ljavax/servlet/FilterChain;)V+126
j  org.apache.catalina.core.ApplicationFilterChain.internalDoFilter(Ljavax/servlet/ServletRequest;Ljavax/servlet/ServletResponse;)V+151
j  org.apache.catalina.core.ApplicationFilterChain.doFilter(Ljavax/servlet/ServletRequest;Ljavax/servlet/ServletResponse;)V+101
j  org.codehaus.groovy.grails.web.servlet.mvc.GrailsWebRequestFilter.doFilterInternal(Ljavax/servlet/http/HttpServletRequest;Ljavax/servlet/http/HttpServletResponse;Ljavax/servlet/FilterChain;)V+98
j  org.springframework.web.filter.OncePerRequestFilter.doFilter(Ljavax/servlet/ServletRequest;Ljavax/servlet/ServletResponse;Ljavax/servlet/FilterChain;)V+90
j  org.apache.catalina.core.ApplicationFilterChain.internalDoFilter(Ljavax/servlet/ServletRequest;Ljavax/servlet/ServletResponse;)V+151
j  org.apache.catalina.core.ApplicationFilterChain.doFilter(Ljavax/servlet/ServletRequest;Ljavax/servlet/ServletResponse;)V+101
j  org.apache.catalina.core.ApplicationDispatcher.invoke(Ljavax/servlet/ServletRequest;Ljavax/servlet/ServletResponse;Lorg/apache/catalina/core/ApplicationDispatcher$State;)V+393
j  org.apache.catalina.core.ApplicationDispatcher.processRequest(Ljavax/servlet/ServletRequest;Ljavax/servlet/ServletResponse;Lorg/apache/catalina/core/ApplicationDispatcher$State;)V+111
j  org.apache.catalina.core.ApplicationDispatcher.doForward(Ljavax/servlet/ServletRequest;Ljavax/servlet/ServletResponse;)V+338
j  org.apache.catalina.core.ApplicationDispatcher.forward(Ljavax/servlet/ServletRequest;Ljavax/servlet/ServletResponse;)V+55
j  org.apache.catalina.core.StandardHostValve.custom(Lorg/apache/catalina/connector/Request;Lorg/apache/catalina/connector/Response;Lorg/apache/catalina/deploy/ErrorPage;)Z+119
j  org.apache.catalina.core.StandardHostValve.status(Lorg/apache/catalina/connector/Request;Lorg/apache/catalina/connector/Response;)V+152
j  org.apache.catalina.core.StandardHostValve.throwable(Lorg/apache/catalina/connector/Request;Lorg/apache/catalina/connector/Response;Ljava/lang/Throwable;)V+302
j  org.apache.catalina.core.StandardHostValve.invoke(Lorg/apache/catalina/connector/Request;Lorg/apache/catalina/connector/Response;)V+289
j  org.apache.catalina.valves.ErrorReportValve.invoke(Lorg/apache/catalina/connector/Request;Lorg/apache/catalina/connector/Response;)V+6
j  org.apache.catalina.core.StandardEngineValve.invoke(Lorg/apache/catalina/connector/Request;Lorg/apache/catalina/connector/Response;)V+71
j  org.apache.catalina.connector.CoyoteAdapter.service(Lorg/apache/coyote/Request;Lorg/apache/coyote/Response;)V+196
j  org.apache.coyote.http11.AbstractHttp11Processor.process(Lorg/apache/tomcat/util/net/SocketWrapper;)Lorg/apache/tomcat/util/net/AbstractEndpoint$Handler$SocketState;+549
j  org.apache.coyote.AbstractProtocol$AbstractConnectionHandler.process(Lorg/apache/tomcat/util/net/SocketWrapper;Lorg/apache/tomcat/util/net/SocketStatus;)Lorg/apache/tomcat/util/net/AbstractEndpoint$Handler$SocketState;+158
j  org.apache.tomcat.util.net.JIoEndpoint$SocketProcessor.run()V+106
j  java.util.concurrent.ThreadPoolExecutor.runWorker(Ljava/util/concurrent/ThreadPoolExecutor$Worker;)V+95
j  java.util.concurrent.ThreadPoolExecutor$Worker.run()V+5
j  java.lang.Thread.run()V+11
v  ~StubRoutines::call_stub

---------------  P R O C E S S  ---------------

Java Threads: ( => current thread )
  0x47014800 JavaThread "http-bio-8080-exec-10" daemon [_thread_in_native, id=4676, stack(0x48e60000,0x48eb0000)]
  0x47016800 JavaThread "http-bio-8080-exec-9" daemon [_thread_in_native, id=2052, stack(0x485d0000,0x48620000)]
  0x47014400 JavaThread "http-bio-8080-exec-8" daemon [_thread_in_native, id=2256, stack(0x48540000,0x48590000)]
  0x47015c00 JavaThread "http-bio-8080-exec-7" daemon [_thread_in_native, id=3300, stack(0x484b0000,0x48500000)]
  0x47016400 JavaThread "http-bio-8080-exec-6" daemon [_thread_blocked, id=4976, stack(0x48420000,0x48470000)]
  0x47013c00 JavaThread "http-bio-8080-exec-5" daemon [_thread_blocked, id=4208, stack(0x48390000,0x483e0000)]
=>0x47017400 JavaThread "http-bio-8080-exec-4" daemon [_thread_in_native, id=2004, stack(0x48300000,0x48350000)]
  0x47015800 JavaThread "http-bio-8080-exec-3" daemon [_thread_blocked, id=1444, stack(0x48270000,0x482c0000)]
  0x458bec00 JavaThread "http-bio-8080-exec-2" daemon [_thread_blocked, id=2916, stack(0x481e0000,0x48230000)]
  0x458c0400 JavaThread "http-bio-8080-exec-1" daemon [_thread_blocked, id=1316, stack(0x48150000,0x481a0000)]
  0x458bd800 JavaThread "Thread-9" daemon [_thread_blocked, id=4620, stack(0x47fc0000,0x48010000)]
  0x458be400 JavaThread "http-bio-8080-AsyncTimeout" daemon [_thread_blocked, id=3440, stack(0x47f30000,0x47f80000)]
  0x458bfc00 JavaThread "http-bio-8080-Acceptor-0" daemon [_thread_in_native, id=436, stack(0x47ea0000,0x47ef0000)]
  0x458bdc00 JavaThread "ContainerBackgroundProcessor[StandardEngine[Tomcat]]" daemon [_thread_blocked, id=2220, stack(0x47e10000,0x47e60000)]
  0x458bf000 JavaThread "net.sf.ehcache.CacheManager@186bdf5" daemon [_thread_blocked, id=2212, stack(0x47c60000,0x47cb0000)]
  0x458bf800 JavaThread "Abandoned connection cleanup thread" daemon [_thread_blocked, id=2532, stack(0x47bd0000,0x47c20000)]
  0x458bd000 JavaThread "localhost-startStop-1" daemon [_thread_blocked, id=4956, stack(0x47b40000,0x47b90000)]
  0x458bb000 JavaThread "Tomcat-startStop-1" daemon [_thread_blocked, id=4072, stack(0x477e0000,0x47830000)]
  0x458bcc00 JavaThread "pool-2-thread-5" [_thread_blocked, id=964, stack(0x47ab0000,0x47b00000)]
  0x458bac00 JavaThread "pool-2-thread-4" [_thread_blocked, id=3368, stack(0x47a20000,0x47a70000)]
  0x458b8c00 JavaThread "pool-2-thread-3" [_thread_blocked, id=1536, stack(0x47990000,0x479e0000)]
  0x458bc400 JavaThread "pool-2-thread-2" [_thread_blocked, id=2452, stack(0x47900000,0x47950000)]
  0x458bc000 JavaThread "pool-2-thread-1" [_thread_blocked, id=2236, stack(0x47870000,0x478c0000)]
  0x458ba000 JavaThread "pool-1-thread-5" [_thread_blocked, id=4512, stack(0x47750000,0x477a0000)]
  0x458ba400 JavaThread "pool-1-thread-4" [_thread_blocked, id=4248, stack(0x476c0000,0x47710000)]
  0x458bb800 JavaThread "pool-1-thread-3" [_thread_blocked, id=2372, stack(0x47630000,0x47680000)]
  0x44c77400 JavaThread "pool-1-thread-2" [_thread_blocked, id=2472, stack(0x475a0000,0x475f0000)]
  0x44c79c00 JavaThread "pool-1-thread-1" [_thread_blocked, id=3976, stack(0x47510000,0x47560000)]
  0x44c79400 JavaThread "FileSystemWatcher: files=#253 cl=java.net.URLClassLoader@9b8f1d" daemon [_thread_blocked, id=4036, stack(0x47480000,0x474d0000)]
  0x44c76400 JavaThread "Service Thread" daemon [_thread_blocked, id=4444, stack(0x45050000,0x450a0000)]
  0x44cc6800 JavaThread "C1 CompilerThread0" daemon [_thread_blocked, id=3568, stack(0x44fc0000,0x45010000)]
  0x44c79000 JavaThread "Attach Listener" daemon [_thread_blocked, id=3356, stack(0x44f30000,0x44f80000)]
  0x44c77c00 JavaThread "Signal Dispatcher" daemon [_thread_blocked, id=2240, stack(0x44ea0000,0x44ef0000)]
  0x0272a800 JavaThread "Finalizer" daemon [_thread_blocked, id=2428, stack(0x44c10000,0x44c60000)]
  0x02725400 JavaThread "Reference Handler" daemon [_thread_blocked, id=1032, stack(0x02930000,0x02980000)]
  0x027cc000 JavaThread "main" [_thread_blocked, id=3960, stack(0x00c20000,0x00c70000)]

Other Threads:
  0x02722000 VMThread [stack: 0x028e0000,0x02930000] [id=2584]
  0x44cd7c00 WatcherThread [stack: 0x450e0000,0x45130000] [id=2908]

VM state:not at safepoint (normal execution)

VM Mutex/Monitor currently owned by a thread: None

Heap
 def new generation   total 235968K, used 218963K [0x04a00000, 0x14a00000, 0x14a00000)
  eden space 209792K,  97% used [0x04a00000, 0x1123c570, 0x116e0000)
  from space 26176K,  53% used [0x116e0000, 0x12478830, 0x13070000)
  to   space 26176K,   0% used [0x13070000, 0x13070000, 0x14a00000)
 tenured generation   total 524288K, used 105166K [0x14a00000, 0x34a00000, 0x34a00000)
   the space 524288K,  20% used [0x14a00000, 0x1b0b38c8, 0x1b0b3a00, 0x34a00000)
 compacting perm gen  total 262144K, used 46142K [0x34a00000, 0x44a00000, 0x44a00000)
   the space 262144K,  17% used [0x34a00000, 0x3770f870, 0x3770fa00, 0x44a00000)
No shared spaces configured.

Card table byte_map: [0x44a00000,0x44c10000] byte_map_base: 0x449db000

Polling page: 0x00a90000

Code Cache  [0x029a0000, 0x03088000, 0x049a0000)
 total_blobs=3475 nmethods=3032 adapters=378 free_code_cache=25724Kb largest_free_block=26334720

Compilation events (10 events):
Event: 47.769 Thread 0x44cc6800 3117             groovyjarjarantlr.CommonAST::initialize (21 bytes)
Event: 47.769 Thread 0x44cc6800 nmethod 3117 0x02a6ed08 code [0x02a6ee20, 0x02a6eef8]
Event: 47.770 Thread 0x44cc6800 3118             org.codehaus.groovy.antlr.GroovySourceAST::initialize (54 bytes)
Event: 47.770 Thread 0x44cc6800 nmethod 3118 0x02e6a1c8 code [0x02e6a300, 0x02e6a480]
Event: 47.771 Thread 0x44cc6800 3119             groovyjarjarantlr.collections.impl.ASTArray::<init> (18 bytes)
Event: 47.772 Thread 0x44cc6800 nmethod 3119 0x02e69f48 code [0x02e6a040, 0x02e6a150]
Event: 47.773 Thread 0x44cc6800 3120             groovyjarjarantlr.Parser::match (40 bytes)
Event: 47.773 Thread 0x44cc6800 nmethod 3120 0x03079148 code [0x03079290, 0x0307943c]
Event: 47.849 Thread 0x44cc6800 3121             sun.net.util.URLUtil::urlNoFragString (114 bytes)
Event: 47.850 Thread 0x44cc6800 nmethod 3121 0x030795c8 code [0x03079770, 0x03079af0]

GC Heap History (10 events):
Event: 38.677 GC heap before
{Heap before GC invocations=27 (full 0):
 def new generation   total 235968K, used 218693K [0x04a00000, 0x14a00000, 0x14a00000)
  eden space 209792K,  98% used [0x04a00000, 0x11348118, 0x116e0000)
  from space 26176K,  48% used [0x13070000, 0x13cb9488, 0x14a00000)
  to   space 26176K,   0% used [0x116e0000, 0x116e0000, 0x13070000)
 tenured generation   total 524288K, used 94088K [0x14a00000, 0x34a00000, 0x34a00000)
   the space 524288K,  17% used [0x14a00000, 0x1a5e22b0, 0x1a5e2400, 0x34a00000)
 compacting perm gen  total 262144K, used 42189K [0x34a00000, 0x44a00000, 0x44a00000)
   the space 262144K,  16% used [0x34a00000, 0x37333448, 0x37333600, 0x44a00000)
No shared spaces configured.
Event: 38.710 GC heap after
Heap after GC invocations=28 (full 0):
 def new generation   total 235968K, used 13352K [0x04a00000, 0x14a00000, 0x14a00000)
  eden space 209792K,   0% used [0x04a00000, 0x04a00000, 0x116e0000)
  from space 26176K,  51% used [0x116e0000, 0x123ea3f0, 0x13070000)
  to   space 26176K,   0% used [0x13070000, 0x13070000, 0x14a00000)
 tenured generation   total 524288K, used 94088K [0x14a00000, 0x34a00000, 0x34a00000)
   the space 524288K,  17% used [0x14a00000, 0x1a5e22b0, 0x1a5e2400, 0x34a00000)
 compacting perm gen  total 262144K, used 42189K [0x34a00000, 0x44a00000, 0x44a00000)
   the space 262144K,  16% used [0x34a00000, 0x37333448, 0x37333600, 0x44a00000)
No shared spaces configured.
}
Event: 39.021 GC heap before
{Heap before GC invocations=28 (full 0):
 def new generation   total 235968K, used 214527K [0x04a00000, 0x14a00000, 0x14a00000)
  eden space 209792K,  95% used [0x04a00000, 0x10e75b58, 0x116e0000)
  from space 26176K,  51% used [0x116e0000, 0x123ea3f0, 0x13070000)
  to   space 26176K,   0% used [0x13070000, 0x13070000, 0x14a00000)
 tenured generation   total 524288K, used 94088K [0x14a00000, 0x34a00000, 0x34a00000)
   the space 524288K,  17% used [0x14a00000, 0x1a5e22b0, 0x1a5e2400, 0x34a00000)
 compacting perm gen  total 262144K, used 42498K [0x34a00000, 0x44a00000, 0x44a00000)
   the space 262144K,  16% used [0x34a00000, 0x373808c8, 0x37380a00, 0x44a00000)
No shared spaces configured.
Event: 39.055 GC heap after
Heap after GC invocations=29 (full 0):
 def new generation   total 235968K, used 10757K [0x04a00000, 0x14a00000, 0x14a00000)
  eden space 209792K,   0% used [0x04a00000, 0x04a00000, 0x116e0000)
  from space 26176K,  41% used [0x13070000, 0x13af16f0, 0x14a00000)
  to   space 26176K,   0% used [0x116e0000, 0x116e0000, 0x13070000)
 tenured generation   total 524288K, used 97207K [0x14a00000, 0x34a00000, 0x34a00000)
   the space 524288K,  18% used [0x14a00000, 0x1a8edf38, 0x1a8ee000, 0x34a00000)
 compacting perm gen  total 262144K, used 42498K [0x34a00000, 0x44a00000, 0x44a00000)
   the space 262144K,  16% used [0x34a00000, 0x373808c8, 0x37380a00, 0x44a00000)
No shared spaces configured.
}
Event: 41.255 GC heap before
{Heap before GC invocations=29 (full 0):
 def new generation   total 235968K, used 217965K [0x04a00000, 0x14a00000, 0x14a00000)
  eden space 209792K,  98% used [0x04a00000, 0x11459fc0, 0x116e0000)
  from space 26176K,  41% used [0x13070000, 0x13af16f0, 0x14a00000)
  to   space 26176K,   0% used [0x116e0000, 0x116e0000, 0x13070000)
 tenured generation   total 524288K, used 97207K [0x14a00000, 0x34a00000, 0x34a00000)
   the space 524288K,  18% used [0x14a00000, 0x1a8edf38, 0x1a8ee000, 0x34a00000)
 compacting perm gen  total 262144K, used 43407K [0x34a00000, 0x44a00000, 0x44a00000)
   the space 262144K,  16% used [0x34a00000, 0x37463e60, 0x37464000, 0x44a00000)
No shared spaces configured.
Event: 41.292 GC heap after
Heap after GC invocations=30 (full 0):
 def new generation   total 235968K, used 14789K [0x04a00000, 0x14a00000, 0x14a00000)
  eden space 209792K,   0% used [0x04a00000, 0x04a00000, 0x116e0000)
  from space 26176K,  56% used [0x116e0000, 0x12551458, 0x13070000)
  to   space 26176K,   0% used [0x13070000, 0x13070000, 0x14a00000)
 tenured generation   total 524288K, used 97207K [0x14a00000, 0x34a00000, 0x34a00000)
   the space 524288K,  18% used [0x14a00000, 0x1a8edf38, 0x1a8ee000, 0x34a00000)
 compacting perm gen  total 262144K, used 43407K [0x34a00000, 0x44a00000, 0x44a00000)
   the space 262144K,  16% used [0x34a00000, 0x37463e60, 0x37464000, 0x44a00000)
No shared spaces configured.
}
Event: 46.355 GC heap before
{Heap before GC invocations=30 (full 0):
 def new generation   total 235968K, used 224581K [0x04a00000, 0x14a00000, 0x14a00000)
  eden space 209792K, 100% used [0x04a00000, 0x116e0000, 0x116e0000)
  from space 26176K,  56% used [0x116e0000, 0x12551458, 0x13070000)
  to   space 26176K,   0% used [0x13070000, 0x13070000, 0x14a00000)
 tenured generation   total 524288K, used 97207K [0x14a00000, 0x34a00000, 0x34a00000)
   the space 524288K,  18% used [0x14a00000, 0x1a8edf38, 0x1a8ee000, 0x34a00000)
 compacting perm gen  total 262144K, used 44704K [0x34a00000, 0x44a00000, 0x44a00000)
   the space 262144K,  17% used [0x34a00000, 0x375a81c8, 0x375a8200, 0x44a00000)
No shared spaces configured.
Event: 46.406 GC heap after
Heap after GC invocations=31 (full 0):
 def new generation   total 235968K, used 14408K [0x04a00000, 0x14a00000, 0x14a00000)
  eden space 209792K,   0% used [0x04a00000, 0x04a00000, 0x116e0000)
  from space 26176K,  55% used [0x13070000, 0x13e82240, 0x14a00000)
  to   space 26176K,   0% used [0x116e0000, 0x116e0000, 0x13070000)
 tenured generation   total 524288K, used 101296K [0x14a00000, 0x34a00000, 0x34a00000)
   the space 524288K,  19% used [0x14a00000, 0x1acec180, 0x1acec200, 0x34a00000)
 compacting perm gen  total 262144K, used 44704K [0x34a00000, 0x44a00000, 0x44a00000)
   the space 262144K,  17% used [0x34a00000, 0x375a81c8, 0x375a8200, 0x44a00000)
No shared spaces configured.
}
Event: 47.619 GC heap before
{Heap before GC invocations=31 (full 0):
 def new generation   total 235968K, used 224200K [0x04a00000, 0x14a00000, 0x14a00000)
  eden space 209792K, 100% used [0x04a00000, 0x116e0000, 0x116e0000)
  from space 26176K,  55% used [0x13070000, 0x13e82240, 0x14a00000)
  to   space 26176K,   0% used [0x116e0000, 0x116e0000, 0x13070000)
 tenured generation   total 524288K, used 101296K [0x14a00000, 0x34a00000, 0x34a00000)
   the space 524288K,  19% used [0x14a00000, 0x1acec180, 0x1acec200, 0x34a00000)
 compacting perm gen  total 262144K, used 45690K [0x34a00000, 0x44a00000, 0x44a00000)
   the space 262144K,  17% used [0x34a00000, 0x3769ea48, 0x3769ec00, 0x44a00000)
No shared spaces configured.
Event: 47.666 GC heap after
Heap after GC invocations=32 (full 0):
 def new generation   total 235968K, used 13922K [0x04a00000, 0x14a00000, 0x14a00000)
  eden space 209792K,   0% used [0x04a00000, 0x04a00000, 0x116e0000)
  from space 26176K,  53% used [0x116e0000, 0x12478830, 0x13070000)
  to   space 26176K,   0% used [0x13070000, 0x13070000, 0x14a00000)
 tenured generation   total 524288K, used 105166K [0x14a00000, 0x34a00000, 0x34a00000)
   the space 524288K,  20% used [0x14a00000, 0x1b0b38c8, 0x1b0b3a00, 0x34a00000)
 compacting perm gen  total 262144K, used 45690K [0x34a00000, 0x44a00000, 0x44a00000)
   the space 262144K,  17% used [0x34a00000, 0x3769ea48, 0x3769ec00, 0x44a00000)
No shared spaces configured.
}

Deoptimization events (0 events):
No events

Internal exceptions (10 events):
Event: 48.034 Thread 0x47015800 Threw 0x0ff43bf0 at C:\re\jdk7u79\2331\hotspot\src\share\vm\prims\jvm.cpp:1304
Event: 48.035 Thread 0x47015800 Threw 0x0ff447b8 at C:\re\jdk7u79\2331\hotspot\src\share\vm\prims\jvm.cpp:1304
Event: 48.035 Thread 0x47015800 Threw 0x0ff45778 at C:\re\jdk7u79\2331\hotspot\src\share\vm\prims\jvm.cpp:1304
Event: 48.035 Thread 0x47015800 Threw 0x0ff4b480 at C:\re\jdk7u79\2331\hotspot\src\share\vm\prims\jvm.cpp:1304
Event: 48.035 Thread 0x47015800 Threw 0x0ff50d98 at C:\re\jdk7u79\2331\hotspot\src\share\vm\prims\jvm.cpp:1304
Event: 48.035 Thread 0x47015800 Threw 0x0ff51a50 at C:\re\jdk7u79\2331\hotspot\src\share\vm\classfile\systemDictionary.cpp:185
Event: 48.036 Thread 0x47015800 Threw 0x0ff63750 at C:\re\jdk7u79\2331\hotspot\src\share\vm\prims\jvm.cpp:1304
Event: 48.036 Thread 0x47015800 Threw 0x0ff64368 at C:\re\jdk7u79\2331\hotspot\src\share\vm\prims\jvm.cpp:1304
Event: 48.036 Thread 0x47015800 Threw 0x0ff65348 at C:\re\jdk7u79\2331\hotspot\src\share\vm\prims\jvm.cpp:1304
Event: 48.036 Thread 0x47015800 Threw 0x0ff6b0e8 at C:\re\jdk7u79\2331\hotspot\src\share\vm\prims\jvm.cpp:1304

Events (10 events):
Event: 48.032 loading class 0x46d17de0
Event: 48.032 loading class 0x46d17de0 done
Event: 48.034 loading class 0x46975810
Event: 48.034 loading class 0x46975810 done
Event: 48.035 loading class 0x46975810
Event: 48.035 loading class 0x46975810 done
Event: 48.035 loading class 0x46975810
Event: 48.035 loading class 0x46975810 done
Event: 48.036 loading class 0x46975990
Event: 48.036 loading class 0x46975990 done


Dynamic libraries:
0x01070000 - 0x0109f000 	C:\Program Files (x86)\Java\jdk1.7.0_79\bin\java.exe
0x778f0000 - 0x77a5f000 	C:\Windows\SYSTEM32\ntdll.dll
0x77000000 - 0x77140000 	C:\Windows\SYSTEM32\KERNEL32.DLL
0x75670000 - 0x75747000 	C:\Windows\SYSTEM32\KERNELBASE.dll
0x746e0000 - 0x74780000 	C:\Windows\system32\apphelp.dll
0x5ea70000 - 0x5ecd6000 	C:\Windows\AppPatch\AcGenral.DLL
0x757e0000 - 0x758a3000 	C:\Windows\SYSTEM32\msvcrt.dll
0x75190000 - 0x751d1000 	C:\Windows\SYSTEM32\sechost.dll
0x772a0000 - 0x772be000 	C:\Windows\SYSTEM32\SspiCli.dll
0x772c0000 - 0x77305000 	C:\Windows\SYSTEM32\SHLWAPI.dll
0x74c20000 - 0x74d0d000 	C:\Windows\SYSTEM32\UxTheme.dll
0x75510000 - 0x75663000 	C:\Windows\SYSTEM32\USER32.dll
0x76ef0000 - 0x76fff000 	C:\Windows\SYSTEM32\GDI32.dll
0x74310000 - 0x74333000 	C:\Windows\SYSTEM32\WINMM.dll
0x70420000 - 0x70433000 	C:\Windows\SYSTEM32\samcli.dll
0x759a0000 - 0x75ac9000 	C:\Windows\SYSTEM32\ole32.dll
0x75900000 - 0x75997000 	C:\Windows\SYSTEM32\OLEAUT32.dll
0x6b880000 - 0x6b897000 	C:\Windows\SYSTEM32\MSACM32.dll
0x74db0000 - 0x74db8000 	C:\Windows\SYSTEM32\VERSION.dll
0x75c30000 - 0x76eeb000 	C:\Windows\SYSTEM32\SHELL32.dll
0x702d0000 - 0x702eb000 	C:\Windows\SYSTEM32\USERENV.dll
0x74d90000 - 0x74daa000 	C:\Windows\SYSTEM32\dwmapi.dll
0x6ba00000 - 0x6bb4b000 	C:\Windows\SYSTEM32\urlmon.dll
0x77370000 - 0x773ec000 	C:\Windows\SYSTEM32\ADVAPI32.dll
0x66d20000 - 0x66d85000 	C:\Windows\SYSTEM32\WINSPOOL.DRV
0x6d5b0000 - 0x6d5c6000 	C:\Windows\SYSTEM32\MPR.dll
0x75b70000 - 0x75c2a000 	C:\Windows\SYSTEM32\RPCRT4.dll
0x750d0000 - 0x750da000 	C:\Windows\SYSTEM32\CRYPTBASE.dll
0x751e0000 - 0x7535d000 	C:\Windows\SYSTEM32\combase.dll
0x742d0000 - 0x742f3000 	C:\Windows\SYSTEM32\WINMMBASE.dll
0x74df0000 - 0x74dff000 	C:\Windows\SYSTEM32\profapi.dll
0x6de20000 - 0x6e054000 	C:\Windows\SYSTEM32\iertutil.dll
0x706a0000 - 0x708fc000 	C:\Windows\SYSTEM32\WININET.dll
0x75070000 - 0x750c4000 	C:\Windows\SYSTEM32\bcryptPrimitives.dll
0x77780000 - 0x777bc000 	C:\Windows\SYSTEM32\cfgmgr32.dll
0x745e0000 - 0x74601000 	C:\Windows\SYSTEM32\DEVOBJ.dll
0x74e00000 - 0x74e8b000 	C:\Windows\SYSTEM32\SHCORE.DLL
0x77270000 - 0x77297000 	C:\Windows\system32\IMM32.DLL
0x77150000 - 0x77262000 	C:\Windows\SYSTEM32\MSCTF.dll
0x700c0000 - 0x702c6000 	C:\Windows\WinSxS\x86_microsoft.windows.common-controls_6595b64144ccf1df_6.0.9600.18006_none_a9ec6aab013aafee\COMCTL32.dll
0x6b6e0000 - 0x6b79f000 	C:\Program Files (x86)\Java\jdk1.7.0_79\jre\bin\msvcr100.dll
0x5e6e0000 - 0x5ea69000 	C:\Program Files (x86)\Java\jdk1.7.0_79\jre\bin\client\jvm.dll
0x74300000 - 0x74308000 	C:\Windows\SYSTEM32\WSOCK32.dll
0x750e0000 - 0x750e6000 	C:\Windows\SYSTEM32\PSAPI.DLL
0x758b0000 - 0x758ff000 	C:\Windows\SYSTEM32\WS2_32.dll
0x77310000 - 0x77317000 	C:\Windows\SYSTEM32\NSI.dll
0x6b870000 - 0x6b87c000 	C:\Program Files (x86)\Java\jdk1.7.0_79\jre\bin\verify.dll
0x6b850000 - 0x6b870000 	C:\Program Files (x86)\Java\jdk1.7.0_79\jre\bin\java.dll
0x6b6c0000 - 0x6b6e0000 	C:\Program Files (x86)\Java\jdk1.7.0_79\jre\bin\instrument.dll
0x6b030000 - 0x6b043000 	C:\Program Files (x86)\Java\jdk1.7.0_79\jre\bin\zip.dll
0x74d60000 - 0x74d79000 	C:\Windows\SYSTEM32\CRYPTSP.dll
0x74d30000 - 0x74d60000 	C:\Windows\system32\rsaenh.dll
0x74d10000 - 0x74d2e000 	C:\Windows\SYSTEM32\bcrypt.dll
0x6b010000 - 0x6b024000 	C:\Program Files (x86)\Java\jdk1.7.0_79\jre\bin\net.dll
0x74ea0000 - 0x74eeb000 	C:\Windows\system32\mswsock.dll
0x74f90000 - 0x74fb0000 	C:\Windows\SYSTEM32\IPHLPAPI.DLL
0x74e90000 - 0x74e98000 	C:\Windows\SYSTEM32\WINNSI.DLL
0x6d560000 - 0x6d573000 	C:\Windows\SYSTEM32\dhcpcsvc6.DLL
0x6d540000 - 0x6d554000 	C:\Windows\SYSTEM32\dhcpcsvc.DLL
0x6b3b0000 - 0x6b3bf000 	C:\Program Files (x86)\Java\jdk1.7.0_79\jre\bin\nio.dll
0x45810000 - 0x45864000 	C:\Users\dell\AppData\Local\Temp\jna1338581642422616708.dll
0x00c90000 - 0x00c98000 	C:\Users\dell\AppData\Local\Temp\jline_.dll
0x73bf0000 - 0x73c01000 	C:\Windows\system32\napinsp.dll
0x6fd00000 - 0x6fd16000 	C:\Windows\system32\pnrpnsp.dll
0x6fce0000 - 0x6fcf4000 	C:\Windows\system32\NLAapi.dll
0x74ac0000 - 0x74b3e000 	C:\Windows\SYSTEM32\DNSAPI.dll
0x6fcd0000 - 0x6fcda000 	C:\Windows\System32\winrnr.dll
0x74a90000 - 0x74ab1000 	C:\Program Files (x86)\Bonjour\mdnsNSP.dll
0x6fcc0000 - 0x6fcd0000 	C:\Windows\system32\wshbth.dll
0x74a80000 - 0x74a88000 	C:\Windows\System32\rasadhlp.dll
0x74a30000 - 0x74a76000 	C:\Windows\System32\fwpuclnt.dll
0x6adf0000 - 0x6adfa000 	C:\Program Files (x86)\Java\jdk1.7.0_79\jre\bin\management.dll
0x74030000 - 0x74171000 	C:\Windows\SYSTEM32\dbghelp.dll

VM Arguments:
jvm_args: -Dgrails.home=D:\java class\grails-2.2.3 -Dtools.jar=C:\Program Files (x86)\Java\jdk1.7.0_79\lib\tools.jar -Dgroovy.starter.conf=D:\java class\grails-2.2.3/conf/groovy-starter.conf -Xmx768M -Xms768M -XX:MaxPermSize=256m -XX:PermSize=256m -Djline.WindowsTerminal.directConsole=false -javaagent:D:\java class\grails-2.2.3\lib\org.springsource.springloaded\springloaded-core\jars\springloaded-core-1.1.3.jar -Xverify:none -Dspringloaded=profile=grails;cacheDir=. -Dbase.dir=C:\Users\dell\AppData\Local\Temp\Temp1_webreg.zip\Twiitter -Dfile.encoding=UTF-8 
java_command: org.codehaus.groovy.grails.cli.support.GrailsStarter --main org.codehaus.groovy.grails.cli.GrailsScriptRunner --conf D:\java class\grails-2.2.3/conf/groovy-starter.conf run-app -plain-output
Launcher Type: SUN_STANDARD

Environment Variables:
JAVA_HOME=C:\Program Files (x86)\Java\jdk1.7.0_79
PATH=C:\Program Files (x86)\Java\jdk1.7.0_79\bin;D:\java class\grails-2.2.3\bin
USERNAME=sajan
OS=Windows_NT
PROCESSOR_IDENTIFIER=Intel64 Family 6 Model 61 Stepping 4, GenuineIntel



---------------  S Y S T E M  ---------------

OS: Windows 8.1 , 64 bit Build 9600 

CPU:total 4 (2 cores per cpu, 2 threads per core) family 6 model 61 stepping 4, cmov, cx8, fxsr, mmx, sse, sse2, sse3, ssse3, sse4.1, sse4.2, popcnt, avx, avx2, aes, erms, ht, tsc, tscinvbit

Memory: 4k page, physical 4103668k(703716k free), swap 5446320k(708164k free)

vm_info: Java HotSpot(TM) Client VM (24.79-b02) for windows-x86 JRE (1.7.0_79-b15), built on Apr 10 2015 16:49:13 by "java_re" with unknown MS VC++:1600

time: Mon Nov 28 15:59:20 2016
elapsed time: 49 seconds

