#
# A fatal error has been detected by the Java Runtime Environment:
#
#  EXCEPTION_ACCESS_VIOLATION (0xc0000005) at pc=0x77ae9ef4, pid=5192, tid=1844
#
# JRE version: Java(TM) SE Runtime Environment (7.0_79-b15) (build 1.7.0_79-b15)
# Java VM: Java HotSpot(TM) Client VM (24.79-b02 mixed mode windows-x86 )
# Problematic frame:
# C  [ntdll.dll+0x49ef4]
#
# Failed to write core dump. Minidumps are not enabled by default on client versions of Windows
#
# If you would like to submit a bug report, please visit:
#   http://bugreport.java.com/bugreport/crash.jsp
# The crash happened outside the Java Virtual Machine in native code.
# See problematic frame for where to report the bug.
#

---------------  T H R E A D  ---------------

Current thread (0x46a28400):  JavaThread "FileSystemWatcher: files=#242 cl=java.net.URLClassLoader@1d44282" daemon [_thread_in_native, id=1844, stack(0x47620000,0x47670000)]

siginfo: ExceptionCode=0xc0000005, writing address 0x000000b8

Registers:
EAX=0x00000000, EBX=0x00000000, ECX=0x0000005c, EDX=0x00000073
ESP=0x4766f0f0, EBP=0x4766f110, ESI=0x000000e6, EDI=0x000000e6
EIP=0x77ae9ef4, EFLAGS=0x00010246

Top of Stack: (sp=0x4766f0f0)
0x4766f0f0:   00000073 4766f448 4766f218 00950000
0x4766f100:   00e800e6 46be6b08 00000000 00000000
0x4766f110:   4766f1b0 77ae9d87 0ff38cd4 4766f49c
0x4766f120:   00000000 00000208 4766f1b4 77ae0ea9
0x4766f130:   000000e6 00000000 00000104 00000073
0x4766f140:   020800dc 00000104 00000208 000000e6
0x4766f150:   0000001e 0000006e 00000000 4766f448
0x4766f160:   0000006e 00000003 4766f1e3 00000000 

Instructions: (pc=0x77ae9ef4)
0x77ae9ed4:   8b 75 b4 80 7d c7 00 74 10 3b ce 76 0c 66 83 7c
0x77ae9ee4:   4b fe 5c 75 04 49 89 4d a4 3b 4d 94 73 09 33 c0
0x77ae9ef4:   66 89 04 4b 8d 24 24 85 c9 74 16 49 89 4d a4 0f
0x77ae9f04:   b7 04 4b 83 f8 20 74 e6 83 f8 2e 74 e1 41 89 4d 


Register to memory mapping:

EAX=0x00000000 is an unknown value
EBX=0x00000000 is an unknown value
ECX=0x0000005c is an unknown value
EDX=0x00000073 is an unknown value
ESP=0x4766f0f0 is pointing into the stack for thread: 0x46a28400
EBP=0x4766f110 is pointing into the stack for thread: 0x46a28400
ESI=0x000000e6 is an unknown value
EDI=0x000000e6 is an unknown value


Stack: [0x47620000,0x47670000],  sp=0x4766f0f0,  free space=316k
Native frames: (J=compiled Java code, j=interpreted, Vv=VM code, C=native code)
C  [ntdll.dll+0x49ef4]
C  [ntdll.dll+0x49d87]
C  [ntdll.dll+0x4a4d5]
C  [ntdll.dll+0x604c1]
C  [KERNELBASE.dll+0x14089]
C  [KERNELBASE.dll+0x13fb2]
C  [java.dll+0xa25e]
J 2762  java.io.WinNTFileSystem.getLastModifiedTime(Ljava/io/File;)J (0 bytes) @ 0x02ed092a [0x02ed0890+0x9a]
J 3170 C1 java.io.File.lastModified()J (33 bytes) @ 0x02f8bbfc [0x02f8bb70+0x8c]
j  org.springsource.loaded.agent.Watcher.run()V+103
j  java.lang.Thread.run()V+11
v  ~StubRoutines::call_stub
V  [jvm.dll+0x14234a]
V  [jvm.dll+0x206ebe]
V  [jvm.dll+0x142515]
V  [jvm.dll+0x142577]
V  [jvm.dll+0xed3df]
V  [jvm.dll+0x1636ec]
V  [jvm.dll+0x164147]
V  [jvm.dll+0x1a8d99]
C  [msvcr100.dll+0x5c556]
C  [msvcr100.dll+0x5c600]
C  [KERNEL32.DLL+0x17c04]
C  [ntdll.dll+0x5ab8f]
C  [ntdll.dll+0x5ab5a]

Java frames: (J=compiled Java code, j=interpreted, Vv=VM code)
J 2762  java.io.WinNTFileSystem.getLastModifiedTime(Ljava/io/File;)J (0 bytes) @ 0x02ed08e6 [0x02ed0890+0x56]
J 3170 C1 java.io.File.lastModified()J (33 bytes) @ 0x02f8bbfc [0x02f8bb70+0x8c]
j  org.springsource.loaded.agent.Watcher.run()V+103
j  java.lang.Thread.run()V+11
v  ~StubRoutines::call_stub

---------------  P R O C E S S  ---------------

Java Threads: ( => current thread )
  0x47053000 JavaThread "http-bio-8080-exec-5" daemon [_thread_in_native, id=4580, stack(0x47980000,0x479d0000)]
  0x47052c00 JavaThread "http-bio-8080-exec-4" daemon [_thread_blocked, id=4492, stack(0x48380000,0x483d0000)]
  0x47051400 JavaThread "http-bio-8080-exec-3" daemon [_thread_blocked, id=2564, stack(0x482f0000,0x48340000)]
  0x47052400 JavaThread "http-bio-8080-exec-2" daemon [_thread_blocked, id=1040, stack(0x48160000,0x481b0000)]
  0x47053800 JavaThread "http-bio-8080-exec-1" daemon [_thread_blocked, id=6072, stack(0x480d0000,0x48120000)]
  0x47050c00 JavaThread "Thread-10" daemon [_thread_blocked, id=2860, stack(0x48040000,0x48090000)]
  0x47050400 JavaThread "http-bio-8080-AsyncTimeout" daemon [_thread_blocked, id=5908, stack(0x47fb0000,0x48000000)]
  0x47051800 JavaThread "http-bio-8080-Acceptor-0" daemon [_thread_in_native, id=5188, stack(0x47f20000,0x47f70000)]
  0x45cd2000 JavaThread "ContainerBackgroundProcessor[StandardEngine[Tomcat]]" daemon [_thread_blocked, id=5424, stack(0x47e90000,0x47ee0000)]
  0x45cd2c00 JavaThread "net.sf.ehcache.CacheManager@1510ae2" daemon [_thread_blocked, id=3756, stack(0x47e00000,0x47e50000)]
  0x45cd2800 JavaThread "Abandoned connection cleanup thread" daemon [_thread_blocked, id=1228, stack(0x47d70000,0x47dc0000)]
  0x45cd0c00 JavaThread "pool-2-thread-5" [_thread_blocked, id=3648, stack(0x47c50000,0x47ca0000)]
  0x45cd4800 JavaThread "pool-2-thread-4" [_thread_blocked, id=952, stack(0x47bc0000,0x47c10000)]
  0x45cd4000 JavaThread "pool-2-thread-3" [_thread_blocked, id=1160, stack(0x47b30000,0x47b80000)]
  0x45cd3800 JavaThread "pool-2-thread-2" [_thread_blocked, id=2664, stack(0x47aa0000,0x47af0000)]
  0x466d5000 JavaThread "pool-2-thread-1" [_thread_blocked, id=4892, stack(0x47a10000,0x47a60000)]
  0x46a3fc00 JavaThread "pool-1-thread-5" [_thread_blocked, id=3680, stack(0x478f0000,0x47940000)]
  0x46a3f400 JavaThread "pool-1-thread-4" [_thread_blocked, id=3684, stack(0x47860000,0x478b0000)]
  0x46104400 JavaThread "pool-1-thread-3" [_thread_blocked, id=2424, stack(0x477d0000,0x47820000)]
  0x46104000 JavaThread "pool-1-thread-2" [_thread_blocked, id=2188, stack(0x47740000,0x47790000)]
  0x46103800 JavaThread "pool-1-thread-1" [_thread_blocked, id=3844, stack(0x476b0000,0x47700000)]
=>0x46a28400 JavaThread "FileSystemWatcher: files=#242 cl=java.net.URLClassLoader@1d44282" daemon [_thread_in_native, id=1844, stack(0x47620000,0x47670000)]
  0x46a29800 JavaThread "FileSystemWatcher: files=#3 cl=groovy.lang.GroovyClassLoader@1f7c94" daemon [_thread_blocked, id=1136, stack(0x46590000,0x465e0000)]
  0x44da5c00 JavaThread "Service Thread" daemon [_thread_blocked, id=3824, stack(0x45130000,0x45180000)]
  0x44da5000 JavaThread "C1 CompilerThread0" daemon [_thread_blocked, id=3804, stack(0x450a0000,0x450f0000)]
  0x44d59000 JavaThread "Attach Listener" daemon [_thread_blocked, id=2756, stack(0x45010000,0x45060000)]
  0x44d56c00 JavaThread "Signal Dispatcher" daemon [_thread_blocked, id=5776, stack(0x44f80000,0x44fd0000)]
  0x028ab800 JavaThread "Finalizer" daemon [_thread_blocked, id=5316, stack(0x44cf0000,0x44d40000)]
  0x028a5400 JavaThread "Reference Handler" daemon [_thread_blocked, id=5968, stack(0x44c60000,0x44cb0000)]
  0x025ac000 JavaThread "main" [_thread_blocked, id=5956, stack(0x024b0000,0x02500000)]

Other Threads:
  0x028a2000 VMThread [stack: 0x44c10000,0x44c60000] [id=4640]
  0x44db6400 WatcherThread [stack: 0x451c0000,0x45210000] [id=5584]

VM state:not at safepoint (normal execution)

VM Mutex/Monitor currently owned by a thread: None

Heap
 def new generation   total 235968K, used 218560K [0x04a00000, 0x14a00000, 0x14a00000)
  eden space 209792K,  96% used [0x04a00000, 0x110317e8, 0x116e0000)
  from space 26176K,  59% used [0x13070000, 0x13faebd0, 0x14a00000)
  to   space 26176K,   0% used [0x116e0000, 0x116e0000, 0x13070000)
 tenured generation   total 524288K, used 100287K [0x14a00000, 0x34a00000, 0x34a00000)
   the space 524288K,  19% used [0x14a00000, 0x1abefd58, 0x1abefe00, 0x34a00000)
 compacting perm gen  total 262144K, used 45948K [0x34a00000, 0x44a00000, 0x44a00000)
   the space 262144K,  17% used [0x34a00000, 0x376df168, 0x376df200, 0x44a00000)
No shared spaces configured.

Card table byte_map: [0x44a00000,0x44c10000] byte_map_base: 0x449db000

Polling page: 0x00b90000

Code Cache  [0x028b0000, 0x02fa0000, 0x048b0000)
 total_blobs=3542 nmethods=3098 adapters=379 free_code_cache=25681Kb largest_free_block=26290880

Compilation events (10 events):
Event: 55.492 Thread 0x44da5000 3207             sun.reflect.annotation.AnnotationInvocationHandler::<init> (57 bytes)
Event: 55.492 Thread 0x44da5000 nmethod 3207 0x02f9bb08 code [0x02f9bc30, 0x02f9bde4]
Event: 55.492 Thread 0x44da5000 3208   !         com.sun.proxy.$Proxy12::annotationType (29 bytes)
Event: 55.493 Thread 0x44da5000 nmethod 3208 0x02f9bf88 code [0x02f9c0a0, 0x02f9c238]
Event: 55.493 Thread 0x44da5000 3209             java.lang.reflect.WeakCache::expungeStaleEntries (31 bytes)
Event: 55.493 Thread 0x44da5000 nmethod 3209 0x02f9c348 code [0x02f9c470, 0x02f9c708]
Event: 55.755 Thread 0x44da5000 3210             java.nio.charset.Charset::atBugLevel (44 bytes)
Event: 55.756 Thread 0x44da5000 nmethod 3210 0x02f9c8c8 code [0x02f9c9e0, 0x02f9cb58]
Event: 55.803 Thread 0x44da5000 3211 %           com.opensymphony.module.sitemesh.html.tokenizer.Lexer::yy_unpack_cmap @ 35 (56 bytes)
Event: 55.803 Thread 0x44da5000 nmethod 3211% 0x02f9cc48 code [0x02f9cd80, 0x02f9d0e8]

GC Heap History (10 events):
Event: 24.206 GC heap before
{Heap before GC invocations=26 (full 0):
 def new generation   total 235968K, used 217555K [0x04a00000, 0x14a00000, 0x14a00000)
  eden space 209792K,  98% used [0x04a00000, 0x113880d0, 0x116e0000)
  from space 26176K,  42% used [0x116e0000, 0x121ccd78, 0x13070000)
  to   space 26176K,   0% used [0x13070000, 0x13070000, 0x14a00000)
 tenured generation   total 524288K, used 89530K [0x14a00000, 0x34a00000, 0x34a00000)
   the space 524288K,  17% used [0x14a00000, 0x1a16ebb8, 0x1a16ec00, 0x34a00000)
 compacting perm gen  total 262144K, used 41266K [0x34a00000, 0x44a00000, 0x44a00000)
   the space 262144K,  15% used [0x34a00000, 0x3724ca18, 0x3724cc00, 0x44a00000)
No shared spaces configured.
Event: 24.239 GC heap after
Heap after GC invocations=27 (full 0):
 def new generation   total 235968K, used 17545K [0x04a00000, 0x14a00000, 0x14a00000)
  eden space 209792K,   0% used [0x04a00000, 0x04a00000, 0x116e0000)
  from space 26176K,  67% used [0x13070000, 0x14192400, 0x14a00000)
  to   space 26176K,   0% used [0x116e0000, 0x116e0000, 0x13070000)
 tenured generation   total 524288K, used 89530K [0x14a00000, 0x34a00000, 0x34a00000)
   the space 524288K,  17% used [0x14a00000, 0x1a16ebb8, 0x1a16ec00, 0x34a00000)
 compacting perm gen  total 262144K, used 41266K [0x34a00000, 0x44a00000, 0x44a00000)
   the space 262144K,  15% used [0x34a00000, 0x3724ca18, 0x3724cc00, 0x44a00000)
No shared spaces configured.
}
Event: 24.585 GC heap before
{Heap before GC invocations=27 (full 0):
 def new generation   total 235968K, used 227337K [0x04a00000, 0x14a00000, 0x14a00000)
  eden space 209792K, 100% used [0x04a00000, 0x116e0000, 0x116e0000)
  from space 26176K,  67% used [0x13070000, 0x14192400, 0x14a00000)
  to   space 26176K,   0% used [0x116e0000, 0x116e0000, 0x13070000)
 tenured generation   total 524288K, used 89530K [0x14a00000, 0x34a00000, 0x34a00000)
   the space 524288K,  17% used [0x14a00000, 0x1a16ebb8, 0x1a16ec00, 0x34a00000)
 compacting perm gen  total 262144K, used 42454K [0x34a00000, 0x44a00000, 0x44a00000)
   the space 262144K,  16% used [0x34a00000, 0x37375960, 0x37375a00, 0x44a00000)
No shared spaces configured.
Event: 24.616 GC heap after
Heap after GC invocations=28 (full 0):
 def new generation   total 235968K, used 13814K [0x04a00000, 0x14a00000, 0x14a00000)
  eden space 209792K,   0% used [0x04a00000, 0x04a00000, 0x116e0000)
  from space 26176K,  52% used [0x116e0000, 0x1245d848, 0x13070000)
  to   space 26176K,   0% used [0x13070000, 0x13070000, 0x14a00000)
 tenured generation   total 524288K, used 94441K [0x14a00000, 0x34a00000, 0x34a00000)
   the space 524288K,  18% used [0x14a00000, 0x1a63a610, 0x1a63a800, 0x34a00000)
 compacting perm gen  total 262144K, used 42454K [0x34a00000, 0x44a00000, 0x44a00000)
   the space 262144K,  16% used [0x34a00000, 0x37375960, 0x37375a00, 0x44a00000)
No shared spaces configured.
}
Event: 24.833 GC heap before
{Heap before GC invocations=28 (full 0):
 def new generation   total 235968K, used 223606K [0x04a00000, 0x14a00000, 0x14a00000)
  eden space 209792K, 100% used [0x04a00000, 0x116e0000, 0x116e0000)
  from space 26176K,  52% used [0x116e0000, 0x1245d848, 0x13070000)
  to   space 26176K,   0% used [0x13070000, 0x13070000, 0x14a00000)
 tenured generation   total 524288K, used 94441K [0x14a00000, 0x34a00000, 0x34a00000)
   the space 524288K,  18% used [0x14a00000, 0x1a63a610, 0x1a63a800, 0x34a00000)
 compacting perm gen  total 262144K, used 42705K [0x34a00000, 0x44a00000, 0x44a00000)
   the space 262144K,  16% used [0x34a00000, 0x373b46c8, 0x373b4800, 0x44a00000)
No shared spaces configured.
Event: 24.858 GC heap after
Heap after GC invocations=29 (full 0):
 def new generation   total 235968K, used 11264K [0x04a00000, 0x14a00000, 0x14a00000)
  eden space 209792K,   0% used [0x04a00000, 0x04a00000, 0x116e0000)
  from space 26176K,  43% used [0x13070000, 0x13b700a8, 0x14a00000)
  to   space 26176K,   0% used [0x116e0000, 0x116e0000, 0x13070000)
 tenured generation   total 524288K, used 97067K [0x14a00000, 0x34a00000, 0x34a00000)
   the space 524288K,  18% used [0x14a00000, 0x1a8caf80, 0x1a8cb000, 0x34a00000)
 compacting perm gen  total 262144K, used 42705K [0x34a00000, 0x44a00000, 0x44a00000)
   the space 262144K,  16% used [0x34a00000, 0x373b46c8, 0x373b4800, 0x44a00000)
No shared spaces configured.
}
Event: 25.328 GC heap before
{Heap before GC invocations=29 (full 0):
 def new generation   total 235968K, used 221056K [0x04a00000, 0x14a00000, 0x14a00000)
  eden space 209792K, 100% used [0x04a00000, 0x116e0000, 0x116e0000)
  from space 26176K,  43% used [0x13070000, 0x13b700a8, 0x14a00000)
  to   space 26176K,   0% used [0x116e0000, 0x116e0000, 0x13070000)
 tenured generation   total 524288K, used 97067K [0x14a00000, 0x34a00000, 0x34a00000)
   the space 524288K,  18% used [0x14a00000, 0x1a8caf80, 0x1a8cb000, 0x34a00000)
 compacting perm gen  total 262144K, used 43530K [0x34a00000, 0x44a00000, 0x44a00000)
   the space 262144K,  16% used [0x34a00000, 0x37482968, 0x37482a00, 0x44a00000)
No shared spaces configured.
Event: 25.361 GC heap after
Heap after GC invocations=30 (full 0):
 def new generation   total 235968K, used 14988K [0x04a00000, 0x14a00000, 0x14a00000)
  eden space 209792K,   0% used [0x04a00000, 0x04a00000, 0x116e0000)
  from space 26176K,  57% used [0x116e0000, 0x125832d0, 0x13070000)
  to   space 26176K,   0% used [0x13070000, 0x13070000, 0x14a00000)
 tenured generation   total 524288K, used 97067K [0x14a00000, 0x34a00000, 0x34a00000)
   the space 524288K,  18% used [0x14a00000, 0x1a8caf80, 0x1a8cb000, 0x34a00000)
 compacting perm gen  total 262144K, used 43530K [0x34a00000, 0x44a00000, 0x44a00000)
   the space 262144K,  16% used [0x34a00000, 0x37482968, 0x37482a00, 0x44a00000)
No shared spaces configured.
}
Event: 27.148 GC heap before
{Heap before GC invocations=30 (full 0):
 def new generation   total 235968K, used 219940K [0x04a00000, 0x14a00000, 0x14a00000)
  eden space 209792K,  97% used [0x04a00000, 0x11225ee8, 0x116e0000)
  from space 26176K,  57% used [0x116e0000, 0x125832d0, 0x13070000)
  to   space 26176K,   0% used [0x13070000, 0x13070000, 0x14a00000)
 tenured generation   total 524288K, used 97067K [0x14a00000, 0x34a00000, 0x34a00000)
   the space 524288K,  18% used [0x14a00000, 0x1a8caf80, 0x1a8cb000, 0x34a00000)
 compacting perm gen  total 262144K, used 44872K [0x34a00000, 0x44a00000, 0x44a00000)
   the space 262144K,  17% used [0x34a00000, 0x375d2298, 0x375d2400, 0x44a00000)
No shared spaces configured.
Event: 27.187 GC heap after
Heap after GC invocations=31 (full 0):
 def new generation   total 235968K, used 15610K [0x04a00000, 0x14a00000, 0x14a00000)
  eden space 209792K,   0% used [0x04a00000, 0x04a00000, 0x116e0000)
  from space 26176K,  59% used [0x13070000, 0x13faebd0, 0x14a00000)
  to   space 26176K,   0% used [0x116e0000, 0x116e0000, 0x13070000)
 tenured generation   total 524288K, used 100287K [0x14a00000, 0x34a00000, 0x34a00000)
   the space 524288K,  19% used [0x14a00000, 0x1abefd58, 0x1abefe00, 0x34a00000)
 compacting perm gen  total 262144K, used 44872K [0x34a00000, 0x44a00000, 0x44a00000)
   the space 262144K,  17% used [0x34a00000, 0x375d2298, 0x375d2400, 0x44a00000)
No shared spaces configured.
}

Deoptimization events (0 events):
No events

Internal exceptions (10 events):
Event: 55.443 Thread 0x47052c00 Threw 0x0d845140 at C:\re\jdk7u79\2331\hotspot\src\share\vm\prims\jvm.cpp:1304
Event: 55.443 Thread 0x47052c00 Threw 0x0d846040 at C:\re\jdk7u79\2331\hotspot\src\share\vm\prims\jvm.cpp:1304
Event: 55.443 Thread 0x47052c00 Threw 0x0d847398 at C:\re\jdk7u79\2331\hotspot\src\share\vm\prims\jvm.cpp:1304
Event: 55.443 Thread 0x47052c00 Threw 0x0d84d710 at C:\re\jdk7u79\2331\hotspot\src\share\vm\prims\jvm.cpp:1304
Event: 55.443 Thread 0x47052c00 Threw 0x0d853528 at C:\re\jdk7u79\2331\hotspot\src\share\vm\prims\jvm.cpp:1304
Event: 55.444 Thread 0x47052c00 Threw 0x0d854ab8 at C:\re\jdk7u79\2331\hotspot\src\share\vm\prims\jvm.cpp:1304
Event: 55.444 Thread 0x47052c00 Threw 0x0d87f098 at C:\re\jdk7u79\2331\hotspot\src\share\vm\classfile\systemDictionary.cpp:185
Event: 55.444 Thread 0x47052c00 Threw 0x0d8827c8 at C:\re\jdk7u79\2331\hotspot\src\share\vm\runtime\sharedRuntime.cpp:591
Event: 55.580 Thread 0x47052c00 Threw 0x0db95970 at C:\re\jdk7u79\2331\hotspot\src\share\vm\prims\jvm.cpp:1304
Event: 55.580 Thread 0x47052c00 Threw 0x10b4e400 at C:\re\jdk7u79\2331\hotspot\src\share\vm\prims\jvm.cpp:1304

Events (10 events):
Event: 55.457 Executing VM operation: RevokeBias done
Event: 55.482 Executing VM operation: RevokeBias
Event: 55.482 Executing VM operation: RevokeBias done
Event: 55.580 loading class 0x44d40280
Event: 55.580 loading class 0x44d40280 done
Event: 55.580 loading class 0x46b29128
Event: 55.580 loading class 0x46b29128 done
Event: 55.638 Executing VM operation: RevokeBias
Event: 55.638 Executing VM operation: RevokeBias done
Event: 55.835 Thread 0x47053000 Thread added: 0x47053000


Dynamic libraries:
0x00ef0000 - 0x00f1f000 	C:\Program Files (x86)\Java\jdk1.7.0_79\bin\java.exe
0x77aa0000 - 0x77c0f000 	C:\Windows\SYSTEM32\ntdll.dll
0x75530000 - 0x75670000 	C:\Windows\SYSTEM32\KERNEL32.DLL
0x75940000 - 0x75a17000 	C:\Windows\SYSTEM32\KERNELBASE.dll
0x74200000 - 0x742a0000 	C:\Windows\system32\apphelp.dll
0x66b00000 - 0x66d66000 	C:\Windows\AppPatch\AcGenral.DLL
0x763b0000 - 0x76473000 	C:\Windows\SYSTEM32\msvcrt.dll
0x76480000 - 0x764c1000 	C:\Windows\SYSTEM32\sechost.dll
0x76230000 - 0x7624e000 	C:\Windows\SYSTEM32\SspiCli.dll
0x75370000 - 0x753b5000 	C:\Windows\SYSTEM32\SHLWAPI.dll
0x74b90000 - 0x74c7d000 	C:\Windows\SYSTEM32\UxTheme.dll
0x75a80000 - 0x75bd3000 	C:\Windows\SYSTEM32\USER32.dll
0x75f40000 - 0x7604f000 	C:\Windows\SYSTEM32\GDI32.dll
0x74980000 - 0x749a3000 	C:\Windows\SYSTEM32\WINMM.dll
0x73650000 - 0x73663000 	C:\Windows\SYSTEM32\samcli.dll
0x778a0000 - 0x779c9000 	C:\Windows\SYSTEM32\ole32.dll
0x75e00000 - 0x75e97000 	C:\Windows\SYSTEM32\OLEAUT32.dll
0x66ae0000 - 0x66af7000 	C:\Windows\SYSTEM32\MSACM32.dll
0x74e30000 - 0x74e38000 	C:\Windows\SYSTEM32\VERSION.dll
0x765c0000 - 0x7787b000 	C:\Windows\SYSTEM32\SHELL32.dll
0x73760000 - 0x7377b000 	C:\Windows\SYSTEM32\USERENV.dll
0x74e10000 - 0x74e2a000 	C:\Windows\SYSTEM32\dwmapi.dll
0x6c4e0000 - 0x6c62b000 	C:\Windows\SYSTEM32\urlmon.dll
0x758b0000 - 0x7592c000 	C:\Windows\SYSTEM32\ADVAPI32.dll
0x6c470000 - 0x6c4d5000 	C:\Windows\SYSTEM32\WINSPOOL.DRV
0x6d2d0000 - 0x6d2e6000 	C:\Windows\SYSTEM32\MPR.dll
0x75670000 - 0x7572a000 	C:\Windows\SYSTEM32\RPCRT4.dll
0x75280000 - 0x7528a000 	C:\Windows\SYSTEM32\CRYPTBASE.dll
0x75730000 - 0x758ad000 	C:\Windows\SYSTEM32\combase.dll
0x74940000 - 0x74963000 	C:\Windows\SYSTEM32\WINMMBASE.dll
0x74fa0000 - 0x74faf000 	C:\Windows\SYSTEM32\profapi.dll
0x6fd80000 - 0x6ffb4000 	C:\Windows\SYSTEM32\iertutil.dll
0x737f0000 - 0x73a4c000 	C:\Windows\SYSTEM32\WININET.dll
0x75220000 - 0x75274000 	C:\Windows\SYSTEM32\bcryptPrimitives.dll
0x75290000 - 0x752cc000 	C:\Windows\SYSTEM32\cfgmgr32.dll
0x74af0000 - 0x74b11000 	C:\Windows\SYSTEM32\DEVOBJ.dll
0x74fb0000 - 0x7503b000 	C:\Windows\SYSTEM32\SHCORE.DLL
0x76260000 - 0x76287000 	C:\Windows\system32\IMM32.DLL
0x76290000 - 0x763a2000 	C:\Windows\SYSTEM32\MSCTF.dll
0x6ffc0000 - 0x701c6000 	C:\Windows\WinSxS\x86_microsoft.windows.common-controls_6595b64144ccf1df_6.0.9600.18006_none_a9ec6aab013aafee\COMCTL32.dll
0x66a20000 - 0x66adf000 	C:\Program Files (x86)\Java\jdk1.7.0_79\jre\bin\msvcr100.dll
0x66690000 - 0x66a19000 	C:\Program Files (x86)\Java\jdk1.7.0_79\jre\bin\client\jvm.dll
0x74970000 - 0x74978000 	C:\Windows\SYSTEM32\WSOCK32.dll
0x75f30000 - 0x75f36000 	C:\Windows\SYSTEM32\PSAPI.DLL
0x764d0000 - 0x7651f000 	C:\Windows\SYSTEM32\WS2_32.dll
0x75930000 - 0x75937000 	C:\Windows\SYSTEM32\NSI.dll
0x66680000 - 0x6668c000 	C:\Program Files (x86)\Java\jdk1.7.0_79\jre\bin\verify.dll
0x66660000 - 0x66680000 	C:\Program Files (x86)\Java\jdk1.7.0_79\jre\bin\java.dll
0x66640000 - 0x66660000 	C:\Program Files (x86)\Java\jdk1.7.0_79\jre\bin\instrument.dll
0x66620000 - 0x66633000 	C:\Program Files (x86)\Java\jdk1.7.0_79\jre\bin\zip.dll
0x74de0000 - 0x74df9000 	C:\Windows\SYSTEM32\CRYPTSP.dll
0x74db0000 - 0x74de0000 	C:\Windows\system32\rsaenh.dll
0x74d90000 - 0x74dae000 	C:\Windows\SYSTEM32\bcrypt.dll
0x66600000 - 0x66614000 	C:\Program Files (x86)\Java\jdk1.7.0_79\jre\bin\net.dll
0x75050000 - 0x7509b000 	C:\Windows\system32\mswsock.dll
0x75140000 - 0x75160000 	C:\Windows\SYSTEM32\IPHLPAPI.DLL
0x75040000 - 0x75048000 	C:\Windows\SYSTEM32\WINNSI.DLL
0x74ca0000 - 0x74cb3000 	C:\Windows\SYSTEM32\dhcpcsvc6.DLL
0x74c80000 - 0x74c94000 	C:\Windows\SYSTEM32\dhcpcsvc.DLL
0x665f0000 - 0x665ff000 	C:\Program Files (x86)\Java\jdk1.7.0_79\jre\bin\nio.dll
0x458f0000 - 0x45944000 	C:\Users\dell\AppData\Local\Temp\jna1998208547807886887.dll
0x00be0000 - 0x00be8000 	C:\Users\dell\AppData\Local\Temp\jline_.dll
0x74f50000 - 0x74f61000 	C:\Windows\system32\napinsp.dll
0x74f30000 - 0x74f46000 	C:\Windows\system32\pnrpnsp.dll
0x74f10000 - 0x74f24000 	C:\Windows\system32\NLAapi.dll
0x74e90000 - 0x74f0e000 	C:\Windows\SYSTEM32\DNSAPI.dll
0x74e80000 - 0x74e8a000 	C:\Windows\System32\winrnr.dll
0x74e50000 - 0x74e71000 	C:\Program Files (x86)\Bonjour\mdnsNSP.dll
0x74e40000 - 0x74e50000 	C:\Windows\system32\wshbth.dll
0x74d30000 - 0x74d38000 	C:\Windows\System32\rasadhlp.dll
0x74d40000 - 0x74d86000 	C:\Windows\System32\fwpuclnt.dll
0x665e0000 - 0x665ea000 	C:\Program Files (x86)\Java\jdk1.7.0_79\jre\bin\management.dll
0x73cd0000 - 0x73e11000 	C:\Windows\SYSTEM32\dbghelp.dll

VM Arguments:
jvm_args: -Dgrails.home=D:\java class\grails-2.2.3 -Dtools.jar=C:\Program Files (x86)\Java\jdk1.7.0_79\lib\tools.jar -Dgroovy.starter.conf=D:\java class\grails-2.2.3/conf/groovy-starter.conf -Xmx768M -Xms768M -XX:MaxPermSize=256m -XX:PermSize=256m -Djline.WindowsTerminal.directConsole=false -javaagent:D:\java class\grails-2.2.3\lib\org.springsource.springloaded\springloaded-core\jars\springloaded-core-1.1.3.jar -Xverify:none -Dspringloaded=profile=grails;cacheDir=. -Dbase.dir=C:\Users\dell\AppData\Local\Temp\Temp1_webreg.zip\Twiitter -Dfile.encoding=UTF-8 
java_command: org.codehaus.groovy.grails.cli.support.GrailsStarter --main org.codehaus.groovy.grails.cli.GrailsScriptRunner --conf D:\java class\grails-2.2.3/conf/groovy-starter.conf run-app -plain-output
Launcher Type: SUN_STANDARD

Environment Variables:
JAVA_HOME=C:\Program Files (x86)\Java\jdk1.7.0_79
PATH=C:\Program Files (x86)\Java\jdk1.7.0_79\bin;D:\java class\grails-2.2.3\bin
USERNAME=sajan
OS=Windows_NT
PROCESSOR_IDENTIFIER=Intel64 Family 6 Model 61 Stepping 4, GenuineIntel



---------------  S Y S T E M  ---------------

OS: Windows 8.1 , 64 bit Build 9600 

CPU:total 4 (2 cores per cpu, 2 threads per core) family 6 model 61 stepping 4, cmov, cx8, fxsr, mmx, sse, sse2, sse3, ssse3, sse4.1, sse4.2, popcnt, avx, avx2, aes, erms, ht, tsc, tscinvbit

Memory: 4k page, physical 4103668k(1135780k free), swap 5212188k(1161864k free)

vm_info: Java HotSpot(TM) Client VM (24.79-b02) for windows-x86 JRE (1.7.0_79-b15), built on Apr 10 2015 16:49:13 by "java_re" with unknown MS VC++:1600

time: Mon Nov 21 16:21:19 2016
elapsed time: 68 seconds

